Acting_as_an_Elected_Official , 0
Acting_as_an_Officer , 0
Actual_Salary , 0
Administration , NA
Advance_Receivable , 0
Advantages_sociaux , 0
Allowances , 0
Annual_Salary , 0
Autres_rémunérations , 0
Autres_services , 0
Band_Council_Honoraria , 0
Band_Council , NA
Band_Council_Salaried_Position , NA
Band_Salary , 0
Base_Salary , 0
Benefits_for_all_Staff , 0
Benefits , 0
Board_Director_Fees , 0
Board_Travel_&_Honoraria , 0
Bonuses , 0
Budget , 0
Bus_Contract , 0
Business_Entities_Expenses , 0
Business_Entities_Remuneration , 0
Business_Entity_Travel , 0
Business_Services , 0
Cell_Allowance , 0
Cell_Phone_Allowance , 0
Cell_Phone , 0
Cellular , 0
Cellular_Telephone_Allowance , 0
Chef_et_conseillers , NA
Chefs_et_conseillers , NA
Chief_and_Councillor_Remuneration , 0
Chief_and_Councillors , NA
Chief_and_Council_Members , NA
Chief_and_Council , NA
Chief_and_Council_Travel_&_Per_Diem , 0
Chief/Council_Member , NA
Chief_&_Council_Travel , 0
Christmas_Bonus , 0
Community_Representing , NA
Consultation , 0
Contractor_Payments_&_Rent , 0
Contractor_receipts , 0
Contract , 0
Contracts , 0
Council_Honoraria , 0
Council_Member , NA
Council , NA
Council_Travel , 0
Cree_Land_Mini-Mart_Limited_Partnership_Expense , 0
Cree_Land_Mini-Mart_Limited_Partnership_Per_diem , 0
Dene_Resources , 0
Designation , NA
Duration_(Months) , 0
Economic_Development_Salary , 0
Education , 0
Elected , NA
Elected_Official , NA
Elected_Officials , NA
Elected_or_Appointed_Officials , NA
Employment_Salary , 0
Expenses , 0
Expenses_(Federal_Government_Funds) , 0
Expenses_in_Other_Remuneration , 0
Expenses/Mileage_and_Accomodation , 0
Expenses_NA , 0
Expenses_(Own_Source_Revenue) , 0
Expenses_Reimbursed_as_part_of_Other_Remuneration , 0
Expenses_Reimbursed_as_part_of_other_Remuneration , 0
Expenses_Reimbursed_as_part_of_Other_Remuneration_Travel , 0
Expenses_Reimbursed_as_part_of_other_Remuneration_TRAVEL , 0
Expenses_Reimbursed_as_part_of_Training_Remuneration , 0
Expenses_Reimbursed , 0
Expenses_(Woodland_Cree_First_Nation) , 0
Expenses_(Woodland_Cree_First_Nation_Group_of_Companies) , 0
First_Nation_Administration , NA
First_Nation_Expenses , 0
First_Nation_Remuneration , 0
Flights/Meals/Accommodations , 0
Fonction , NA
Frais_de_déplacement , 0
Frais_dé_deplacements , 0
Frais_de_déplacements , 0
Frais_de_voyage , 0
Frais_de_voyages_et_de_garde , 0
Frais_de_Voyages , 0
Frais_de_voyages , 0
Fuel_Allowance , 0
GGDLP_&_TLE_Per_diems , 0
Government_Remuneration , 0
Gross_Pay_2014 , 0
Health , 0
Honoraire , 0
Honoraires_de_fonction , 0
Honoraires , 0
Honoraires_salaires , 0
Honoraria_and_Allowances , 0
Honoraria_and_Salaries , 0
Honoraria_Expenses , 0
Honoraria_&_Other , 0
Honoraria_(Own_Source) , 0
Honoraria_Paid , 0
Honoraria_Reimbursement , 0
Honoraria , 0
Honoraria/Salary , 0
Honoraria_Sturgeon_Lake_Developments , 0
Honoraria_Sturgeon_Lake_Resources , 0
Honoraria_Sturgeon_Lake_Trust , 0
Honorariua , 0
Honorarium , 0
Honorariums_and_Per_Diems , 0
Honorariums , 0
Honoraruim/Travel , 0
IBA , 0
IDENTIFICATION , NA
Individual , NA
Length_of_Employment , 0
Length_of_Service , 0
Life_and_health , 0
Living_Allowance , 0
Meeting_&_Honorariums , 0
Meetings_and_Travel , 0
Meetings_&_Per_Diems , 0
Meetings_&_Travel_Expense , 0
Meetings_&_Travel , 0
Mileage_Expense , 0
Month , 0
Months_Covered , 0
Months_in_Office , 0
Months_in_Position , 0
#_Months/Months_in_Office , 0
Months_NA , 0
#_Months , 0
Months , 0
#_months , 0
#_Mos , 0
Name_NA/Elected_or_Appointed_Officials , NA
Name , NA
Name_NA , NA
Name_of_Employer , NA
Name_of_Individual_Chief/Council_Member , NA
Name_of_Individual , NA
Name_of_individual , NA
Name_of_Individuals , NA
Net_travel_expenses , 0
Nombre_de_Mois_en_Poste , 0
Nombre_de_mois_en_poste , 0
Nombre_de_mois , 0
Nombre_de_mois/semaines , 0
Nombre_de_semaines , 0
Nombre_semaines , 0
Nom_de_la_Personne , NA
Nom_de_la_personne , NA
NOM , NA
Nom , NA
Non-Government_Remuneration , 0
No._of_Months_In_Office , 0
No._Of_Months , 0
No_of_Months , 0
No._of_Months , 0
No._of_months , 0
Number_of_Months_in_office , 0
Number_of_months_in_office , 0
Number_of_Months , 0
Number_of_months , 0
Number_of_Months_on_the_Board , 0
Number_of_months'_service , 0
Number_of_Weeks_in_office , 0
Number_of_Weeks , 0
Number_of_weeks , 0
Office , NA
#_of_Months , 0
#_of_months , 0
#_of_Months_on_Council , 0
#_of_Mths , 0
Other_honoraria , 0
Other_Honorarium , 0
Other , 0
Other_Payments , 0
Other_Per_Diems , 0
Other_position_than_Chief_or_Council_members , NA
Other_Remuneration/Benefits , 0
Other_Remuneration_Honorariums , 0
Other_Remuneration_Non_Monetary_Benefits , 0
Other_Remuneration_Non_Monetary_Pension , 0
Other_Remuneration_(Own_Source) , 0
Other_Remuneration , 0
Other_remuneration , 0
Other_Remunerations , 0
Other_Remuneration_TRAINING , 0
Other_Remuneration_Training , 0
Other_Remuneration_TRAVEL , 0
Other_Remuneration_Travel , 0
Other_Remuneration_VISA , 0
Other_Renumeration , 0
Other_Travel , 0
Owned_Entity_Travel/Meetings , 0
PAGC_Payments , 0
Payment_to_Related_Business , 0
Pension_and_Benefits , 0
Pension/Benefits , 0
Pension_Premiums , 0
Pension , 0
Per_diem , 0
Per_Diems_and_Travel , 0
Per_Diems , 0
Per_diems , 0
Period , 0
Phone_Allowance , 0
Piapot_First_Nation_Expense , 0
Piapot_First_Nation_Per_diem , 0
Position_and_Title , NA
Position_Held , NA
Position , NA
Position_Title , NA
Position/Title , NA
Position_title , NA
Program_Expenses , 0
Project_Management_&_Other , NA
Public_Works_Contracts , 0
Recipient , NA
Regular_Travel_Expense , 0
Reimbursed_Expenses , 0
Reimbursed_Travel , 0
Reimbursement , 0
Remuneration_(Band) , 0
Remuneration_(Chipewyan_Prarie_First_Nation_Group_of_Companies) , 0
Remuneration_(Chipewyan_Prarie_First_Nation) , 0
Remuneration_(Federal_Government_Funds) , 0
Remuneration_Honorarium , 0
Remuneration_NA , 0
Remuneration_(Other) , 0
Remuneration_Other , 0
Remuneration_(Own_Source_Revenue) , 0
Remuneration , 0
Rémunération , 0
Rémunérations , 0
Remuneration_(Woodland_Cree_First_Nation_Group_of_Companies) , 0
Remuneration_(Woodland_Cree_First_Nation) , 0
Rent , 0
Retirement_Allowances_Paid_out , 0
Retirement , 0
Royalties_&_Grants , 0
Salaire , 0
Salaires_de_base , 0
Salaires_et_Honoraires , 0
Salaires_et_honoraires , 0
Salaires_ou_honoraires , 0
Salaires , 0
Salaries_and_Benefits , 0
Salaries_and_Contracts , 0
Salaries_and_Honoraria , 0
Salaries_and_honoraria , 0
Salaries_and_honoraries_as_council_members , 0
Salaries_and_honoraries , 0
Salaries_and_Wages , 0
Salaries/Fees , 0
Salaries_&_Honoraria , 0
Salaries_Honoraria , 0
Salaries/Honoraria , 0
Salaries_(Own_Source) , 0
Salaries , 0
Salary_and_Benefits , 0
Salary_and_Honoraria , 0
Salary_and_honoraria , 0
Salary_and_Honorarium , 0
Salary/Council_Component , 0
Salary_Elected_Position , NA
Salary_Employed_Position , NA
Salary_Expense , 0
Salary_&_Honoraria , 0
Salary_Honoraria , 0
Salary/Honoraria , 0
Salary_&_Honorariums , 0
Salary , 0
Sales , 0
Self_Government_Travel_Expense , 0
Seniority_Award , 0
Severance_Calculation_Accruing , 0
Severance_pay_or_bonus , 0
SFNS , 0
Social_Development_Salary , 0
Special_Meetings , 0
Staff_Travel_&_Other , 0
Statut , NA
Stipend_and_Salary , 0
Taxable_Earnings/honoraria , 0
Telephone_Allowance , 0
Telephone , 0
Term_(in_months) , 0
Term_(Months) , 0
Term , 0
Time_in_Office_during_2013-2014_fiscal_year , 0
Title_NA , NA
Title/Position , NA
Title , NA
Titre_du_poste , NA
Titre , NA
Total , 0
Total_Expenses , 0
Total_honorarium , 0
Total_Remuneration_Sturgeon_Lake_Cree_Nation , 0
Total_Travel , 0
Total_Travel_Expenses , 0
Travel_Allowance , 0
Travel_and_Expenses , 0
Travel_and_Other , 0
Travel_and_other , 0
Travel_and_other_expenses , 0
Travel_(Chipewyan_Prarie_First_Nation) , 0
Travel_(Chipewyan_Prarie_First_Nation_Group_of_Companies) , 0
Travel/Expense_Allowances , 0
Travel_Expense , 0
Travel_expense , 0
Travel , 0
Travel/Expenses_(Band) , 0
Travel_Expenses , 0
Travel_expenses , 0
Travel/Expenses_(Other) , 0
Travel_Expenses_(Own_Source) , 0
Travel_Meeting_Expense , 0
Travel_&_Meetings , 0
Travel/Meetings , 0
Travel__Meetings_&_Other_Expenses , 0
Travel_Mileage , 0
Travel_&_Other , 0
Travel/Other , 0
Travel__Pension_and_Other_Remuneration , 0
Travel_Reimbursements , 0
Trillium_War_1812 , 0
Variable_ou_Service , NA
Variable_ou_service , NA
Wages_and_salary , 0
Wages_&_Honoraria , 0
Wages , 0
Weeks , 0
Work_Travel , 0
