Acting_as_an_Elected_Official						,	
Acting_as_an_Officer						,	
Administration						,	
Advance_Receivable						,	
Advantages_sociaux						,	
Allowance						,	
Autres_services						,	
Benefits						,	
Benefits_for_all_Staff						,	
Board_Director_Fees						,	
Bonuses						,	
Budget						,	
Bus_Contract						,	
Business_Services						,	
Cell						,	
Christmas_Bonus						,	
Community_Representing						,	
Consultation						,	
Contract						,	
Contractor_Payments_&_Rent						,	
Contractor_receipts						,	
Contracts						,	
Council						,	
Dene_Resources						,	
Designation						,	
Education						,	
Elected						,	
Elected_Official						,	
Elected_Officials						,	
Elected_or_Appointed_Officials						,	
Expenses						,	
First_Nation_Administration						,	
Flights/Meals/Accommodations						,	
Fonction						,	
Frais						,	
Gross_Pay_2014						,	
Health						,	
Honoraria						,	
IBA						,	
IDENTIFICATION						,	
Individual						,	
Length_of_Employment						,	
Length_of_Service						,	
Life_and_health						,	
Months						,	
#_Mos						,	
Name						,	
Nom						,	
Nombre						,	
Office						,	
#_of_Mths						,	
Other						,	
Other_Payments						,	
PAGC_Payments						,	
Payment_to_Related_Business						,	
Pension						,	
Per_Diems						,	
Period						,	
Position						,	
Project_Management_&_Other						,	
Public_Works_Contracts						,	
Recipient						,	
Reimbursement						,	
Remuneration						,	
Rent						,	
Retirement						,	
Royalties_&_Grants						,	
Salary						,	
Sales						,	
Seniority_Award						,	
Severance_Calculation_Accruing						,	
Severance_pay_or_bonus						,	
SFNS						,	
Special_Meetings						,	
Statut						,	
Telephone						,	
Term						,	
Time_in_Office_during_2013-2014_fiscal_year						,	
Title						,	
Total						,	
Travel						,	
Trillium_War_1812						,	
Variable_ou_Service						,	
Variable_ou_service						,	
Wages						,	
Weeks						,	
