
R version 3.0.2 (2013-09-25) -- "Frisbee Sailing"
Copyright (C) 2013 The R Foundation for Statistical Computing
Platform: x86_64-pc-linux-gnu (64-bit)

R is free software and comes with ABSOLUTELY NO WARRANTY.
You are welcome to redistribute it under certain conditions.
Type 'license()' or 'licence()' for distribution details.

  Natural language support but running in an English locale

R is a collaborative project with many contributors.
Type 'contributors()' for more information and
'citation()' on how to cite R or R packages in publications.

Type 'demo()' for some demos, 'help()' for on-line help, or
'help.start()' for an HTML browser interface to help.
Type 'q()' to quit R.

> 
> # The following are manual notes created when physically looking through the pdfs. They're informal verification
> # the pull method here works (or rather counterexamples to prove it doesn't work):
> 
> # 34 Twelve.
> # 370 " Months".
> # 400 " months".
> # 455 " months".
> # 536 " months".
> # 540 " months".
> # 574 " months".
> # 605 " months".
> # 714 " Months".
> 
> # 689 "Year"
> 
> # 22 Months_NA --- assumed 12
> # 458 Months_NA --- assumed 12
> 
> # 9 fraction between time spent as chief and time spent as councillor.
> # 14 NA months.
> # 17 NA months.
> 
> # 64 partial drop --- reimbursement should actually be subtracted from travel expense to determine the expense.
> # 87 partial drop --- Frais_de_Voyages "Note 1" is NA --> 0 and doesn't add anyway.
> # 122 partial drop --- reimbursement should actually be subtracted from travel expense to determine the expense.
> # 287 Dropped.
> # 358 partial drop.
> # 406 partial drop.
> # 605 partial drop?
> 
> #645 months as fractions: 1/2 (0.5)
> 
> default <- read.csv("default_map.log", colClasses="character", header=FALSE, check.names=FALSE, strip.white=TRUE)
> 
> raw <- read.csv("data_structure-raw-15-03-03-0009.csv", colClasses="character", check.names=FALSE, strip.white=TRUE)
> tail_headers <- tail(names(raw), -3)
> 
> get_nas <- function(col_name)
+ {
+ 	if (is.na(default[default[,1] == col_name, 2])) FALSE
+ 	else any(is.na(as.numeric(raw[,col_name])))
+ }
> 
> na_headers <- tail_headers[sapply(tail_headers, get_nas)]
> 
> sapply(raw[, na_headers], unique)
$`#_of_Months`
 [1] "0"    "12"   NA     "1"    "11"   "6"    "3"    "9"    "10"   "2"   
[11] "4"    "8"    "7"    "5"    "12.0" "10.5" "9.0"  "8.0"  "1.0" 

$Expenses_NA
[1] "0" NA 

$Expenses_Reimbursed
 [1] "0"          "(868.00)"   "(5274.00)"  "(12241.00)" "(6330.00)" 
 [6] "(950.00)"   "(7648.00)"  "(1418.00)"  "(5466.00)"  "(10637.00)"
[11] "(10527.00)" "(14379.00)" "(0)"       

$Frais_de_Voyages
[1] "0"     "18662" "1983"  "2934"  "2122"  "177"   NA     

$Honoraria_Reimbursement
[1] "0"     "(750)" "(600)"

$Length_of_Employment
[1] "0"         "12_Months" "9_Months"  "3_Months" 

$Length_of_Service
[1] "0"         "2_Months"  "10_Months" "12_Months" "12"       

$Months
 [1] "0"    "12"   "9"    "3"    "7"    "5"    "6.5"  "1.15" "8"    "4"   
[11] NA     "1"    "12/7" "6"    "2"    "2.5"  "9.5"  "5.5"  "11"  

$Months_Covered
[1] "0"         "11_months" "12_months" "1_month"  

$Months_NA
[1] "0"  NA   "12"

$`Nombre_de_mois/semaines`
[1] "0"       "12/52"   "5__5/22" "4/16"    "6/26"    "9/40"   

$Nombre_de_mois_en_poste
[1] "0"  "12" NA   "3"  "9" 

$Number_of_Months
 [1] "0"         "12"        "6"         "1"         "8"         "4"        
 [7] "10"        "2"         "11"        "2.5"       "9.5"       "10.5"     
[13] "7"         "3"         "9"         "3_weeks"   "1.5"       "Twelve"   
[19] NA          "5"         "3_months"  "9_months"  "12_months" "4/8(12)"  
[25] "8.5"       "3.5"       "11.5"      "0.5"       "6.5"       "1/52"     
[31] "10.0"      "12.0"      "5.5"       "12/02"     "12/09"     "12/3.5"   
[37] "4.5"       "7.5"       "1/2"       "10.75"     "1.25"     

$Number_of_Months_on_the_Board
[1] "0"         "12_months"

$Other_Remuneration
  [1] "0"        "989"      "10388"    "535"      "4374"     "4007"    
  [7] "330"      "380"      "250"      "150"      "4679"     "300"     
 [13] "6000"     "1200"     "1500"     "2000"     "1300"     "1100"    
 [19] "200"      "20856"    "13827"    "18202"    "17157"    "2883"    
 [25] "57"       "9758"     "58069"    "27102"    "23802"    "17211"   
 [31] "20356"    "29787"    "15360"    "7605"     "15123"    "5060"    
 [37] "48300"    "2156"     "718/1117" "28467"    "2158"     "42638"   
 [43] "33700"    "41470"    "40200"    "29750"    "59100"    "1750"    
 [49] "20940"    "1050.00"  "600.00"   "800.00"   "2886"     "1986"    
 [55] "2736"     "600"      "6836"     "5720.81"  "4082.31"  "554.35"  
 [61] "16543.20" "19950.00" "37290.76" "4781.16"  "2061.80"  "2260.22" 
 [67] "500.00"   "250.00"   "5512.16"  "2095.45"  "4280.00"  "4885"    
 [73] "7003"     "9079"     "13996"    "13799"    "11958"    "7443"    
 [79] "508"      "52"       "141"      "1225"     "751"      "9568"    
 [85] "9360"     "13860"    "502.00"   "584"      "1082"     "880"     
 [91] "23547"    "3726"     "1000"     "17162"    "1728"     "682"     
 [97] "27222"    "4402"     "498"      "500"      "50"       "3300"    
[103] "4547"     "2900"     "80"       "23796"    "11278"    "10972"   
[109] "2695"     "7240"     "6630"     "5459"     "3900"     "1900"    
[115] "125350"   "32703"    "34864"    "23700"    "36176"    "24060"   
[121] "25000"    "450.00"   "2200.00"  "1300.00"  "300.00"   "150.00"  
[127] "311"      "5101"     "3000"     "100"      "400"      "550"     
[133] "700"      "32600.00" "7250.00"  "7899"     "686"      "428"     
[139] "2842"     "4504"     "2328"     "2375"     "5548"     "1305"    
[145] "25"       "575"      "952"      "6524"     "1397"     "5876"    
[151] "2823"     "715"      "9893"     "860"      "9443"     "5127"    
[157] "371"      "12800"    "14319"    "15893"    "13200"    "15000"   
[163] "12900"    "999"      "750"      "1299"     "900"      "4561"    
[169] "4675"     "47652"    "14523"    "48709"    "62453"    "10147"   
[175] "5116"     "8423"     "37141"    "2045"     "6250"     "7050"    
[181] "1250"     "111676"   "3051"     "42715"    "8118"     "10263"   
[187] "13898"    "6068"     "8868"     "6710"     "450"      "9518"    
[193] "25579"    "7418"     "7268"     "49381"    "75448"    "16000"   
[199] "26173"    "15440"    "25459"    "12940"    "18666"    "5480"    
[205] "14739"    "22655"    "23208"    "24593"   

$Period
[1] "0"    "Year"

$Program_Expenses
[1] "0"                                     
[2] "Long_Plain_First_Nation_Tribal_Council"

$Remuneration_NA
[1] "0" NA 

$Term
[1] "0"             "12"            "8"             "4"            
[5] "Dec'13-Mar'14" "Apr'13-Mar'14" "Apr'13-Nov'13" "10"           
[9] "12_months"    

$`Time_in_Office_during_2013-2014_fiscal_year`
[1] "0"         "12_months" "5_months"  "2_months"  "7_months" 

$Travel_Expenses
  [1] "0"        "22922"    "1868"     "9350"     "4514"     "11067"   
  [7] "488"      "276"      "7460"     "854"      "27000"    "15300"   
 [13] "108998"   "50698"    "26260"    "25351"    "29843"    "1167"    
 [19] "4539.18"  "735.01"   "957"      "6400.50"  "3015"     "2171"    
 [25] "4994"     "8040"     "557"      "663"      "1655"     "1630"    
 [31] "997"      "5460"     "4844"     "2309"     "9495"     "1449"    
 [37] "392"      "16805"    "19666"    "9117"     "13000"    "15738"   
 [43] "6224"     "10536"    "10180"    "5461"     "297"      "3664"    
 [49] "991"      "264"      "92"       "164"      "1046"     "618"     
 [55] "83867"    "12603"    "15820"    "15210"    "7206"     "8042"    
 [61] "13316"    "6380.10"  "2334.80"  "5760.91"  "2404.75"  "2088.03" 
 [67] "2982.33"  "1157.84"  "3722.19"  "3090.65"  "3710.65"  "1910.80" 
 [73] "3092.15"  "6045"     "3106"     "3057"     "2186"     "333"     
 [79] "2371"     "15091.92" "5469.26"  "258.38"   "2094.48"  "1242.04" 
 [85] "2405.33"  "5969.73"  "279.61"   "3997"     "1948"     "2466"    
 [91] "2758"     "17005"    "2972"     "17188"    "2262"     "85050"   
 [97] "86603"    "90400"    "93100"    "104500"   "115600"   "5000"    
[103] "2822"     "1025"     "1362"     "1793"     "2101"     "9451"    
[109] "14112"    "14155"    "4300.44"  "101.92"   "1271.30"  "150.00"  
[115] "408.90"   "871.59"   "184.40"   "327.81"   "2064.68"  "74338.00"
[121] "45489.45" "1498.95"  "26084.76" "4019.97"  "4198.30"  "34473.10"
[127] "34177.38" "34462.29" "38849.02" "72658"    "9869"     "17408"   
[133] "28069"    "23322"    "3226"     "12387"    "13619"    "8659"    
[139] "12118"    "5691"     "3367"     "450"      "331"      "3556"    
[145] "10842"    "9183"     "6601"     "5371"     "22384"    "607"     
[151] "2876"     "8587"     "1845"     "3659"     "924"      "8969"    
[157] "5545"     "6911"     "1279"     "22381"    "3876"     "15799"   
[163] "4675"     "6046"     "1907"     "14824"    "16220"    "4458"    
[169] "9147"     "72976"    "27450"    "19163"    "42311"    "8147"    
[175] "23656.78" "10355.80" "2555.00"  "5335.00"  "1167.00"  "2459.00" 
[181] "20241.64" "1797.00"  "3887"     "354"      "2241"     "470"     
[187] "353"      "46"       "520"      "938"      "677"      "275"     
[193] "511"      "514"      "8814.15"  "9134.70"  "9897.76"  "34973.36"
[199] "1579.76"  "1864.11"  "2028.31"  "1820.85"  "2455.22"  "10125"   
[205] "201"      "12155"    "1336"     "10718"    "1096"     "748"     
[211] "958"      "1053"     "6587"     "8542"     "965"      "4113"    
[217] "301"      "2793"     "2200"     "550"      "2441"     "9822"    
[223] "1512"     "2812"     "1461"     "40334"    "36675"    "43819"   
[229] "53385"    "58007"    "65350"    "47656"    "41081"    "2831"    
[235] "37958"    "11785"    "4698"     "3634"     "7164"     "43838"   
[241] "150"      "2905"     "2583"     "4600"     "7170"     "2006"    
[247] "943"      "5143"     "2900"     "3058"     "733"      "882"     
[253] "1277"     "29546"    "22696"    "18544"    "10617"    "45440"   
[259] "1001"     "23522"    "4581"     "28046"    "10419"    "11043"   
[265] "9395"     "4345.00"  "8762.00"  "39716.00" "7471.00"  "8292.00" 
[271] "10829.00" "17676.00" "23336.00" "19747.00" "17141.00" "11289.00"
[277] "1517.00"  "3688"     "35"       "984"      "1610"     "1294"    
[283] "2205"     "10214"    "14230"    "7758"     "1352"     "1634"    
[289] "2794"     "3406"     "9248"     "2620"     "2621"     "3300"    
[295] "3195"     "1594"     "4419"     "3712"     "8419"     "(235)"   
[301] "(668)"    "405"      "2574"     "2740"     "10406"    "12753"   
[307] "1711"     "6441"     "9328"     "1934"     "457"      "3954"    
[313] "3073"     "32778"    "24971"    "14007"    "24594"    "60157"   
[319] "25984"    "15622"    "27598"    "22067"    "7684.57"  "7992.67" 
[325] "553.90"   "9031.79"  "6608.65"  "3549"     "11413"    "2697"    
[331] "968"      "1098"     "2116"     "851"      "35102.55" "1735.68" 
[337] "2481"     "205"      "915"      "6710"     "600"      "8327"    
[343] "566"      "1133"     "3298"     "15101"    "6981"     "2436"    
[349] "8458"     "953"      "5969"     "5009"     "4439"     "3995"    
[355] "(161)"    "314"      "1369"     "5735"     "1186"     "6967"    
[361] "2918"     "5910"     "12477"    "6108"     "3474"     "2566"    
[367] "9055"     "7487"     "1650"     "16931"    "2098"     "1621"    
[373] "11736"    "17461"    "2480"     "1735"     "8948"     "1317"    
[379] "8571"     "9174"     "6962"     "923"      "20307"    "14192"   
[385] "3167"     "1360"     "271"      "2144"     "10398"    "504"     
[391] "8064"     "2052"     "4860"     "4759"     "8293"     "1030"    
[397] "23362"    "1732"     "3313"     "2809"     "7980"     "2446"    
[403] "17488"    "11719"    "13227"    "1150"     "121"      "1464"    
[409] "124"      "17069.61" "813.68"   "2298.62"  "9014.37"  "6310.76" 
[415] "4795.32"  "2153.63"  "723.75"   "3593"     "1093"     "4879"    
[421] "90"       "867"      "7987"     "589"      "7092"     "5051"    
[427] "8039"     "2201"     "7035"     "11369"    "5012"     "28964.91"
[433] "10169.44" "6067.30"  "5407.01"  "2884.21"  "286.62"   "338"     
[439] "942"      "1972"     "1958"     "2572"     "1866"     "22561"   
[445] "21908"    "20639"    "21023"    "731"      "6494"     "2966"    
[451] "4097"     "19015"    "2304"     "4839"     "17079"    "21090"   
[457] "17668"    "16444"    "9194.00"  "10234.00" "1990.00"  "3541.00" 
[463] "43986"    "16731"    "25501"    "35732"    "18627"    "4850"    
[469] "16049"    "24572"    "15531"    "4762"     "14194"    "3826"    
[475] "5162"     "4463"     "12219"    "2179"     "3812"     "2362"    
[481] "22619"    "12458"    "17445"    "16482"    "3619"     "4217"    
[487] "11199"    "12273"    "658"      "1177"     "549"      "2374"    
[493] "6273"     "5656"     "9830"     "9212"     "11245"    "19337"   
[499] "10951"    "15002"    "11975"    "30237"    "11676"    "18558"   
[505] "4339"     "37742"    "17835"    "20783"    "47034"    "32604"   
[511] "21132"    "13566"    "15924"    "9480"     "9527"     "10315"   
[517] "31984"    "43795"    "23855"    "18255"    "26471"    "13992"   
[523] "5235"     "5525"     "9836"     "11236"    "29621"    "1940"    
[529] "15247"    "13662"    "23711"    "8593"     "71201"    "10866"   
[535] "8230"     "23551"    "18829"    "21907"    "36006"    "41034"   
[541] "33743"    "40625"    "8644"     "17124"    "12984"    "9366"    
[547] "2547"     "4274"     "4557"     "2112"    

> 
> na_headers
 [1] "#_of_Months"                                
 [2] "Expenses_NA"                                
 [3] "Expenses_Reimbursed"                        
 [4] "Frais_de_Voyages"                           
 [5] "Honoraria_Reimbursement"                    
 [6] "Length_of_Employment"                       
 [7] "Length_of_Service"                          
 [8] "Months"                                     
 [9] "Months_Covered"                             
[10] "Months_NA"                                  
[11] "Nombre_de_mois/semaines"                    
[12] "Nombre_de_mois_en_poste"                    
[13] "Number_of_Months"                           
[14] "Number_of_Months_on_the_Board"              
[15] "Other_Remuneration"                         
[16] "Period"                                     
[17] "Program_Expenses"                           
[18] "Remuneration_NA"                            
[19] "Term"                                       
[20] "Time_in_Office_during_2013-2014_fiscal_year"
[21] "Travel_Expenses"                            
> 
