restricted:
number of:
533
average size:
4.69793621013133
Remuneration:
Median:
39500
tail:
38678
Mean:
41747.3605670926
tail:
38679.1145692119
diff:
1.11456921192439
zeroes:
55
608
1731
1739
1768
1870
1873
1894
1896
1897
1915
1951
1963
1965
1979
1988
1989
1992
1993
2336
2406
2415

Expenses:
Median:
6061.65
tail:
0
Mean:
12883.2933466454
tail:
0.420369003690037
diff:
0.420369003690037
zeroes:
2233


prorated:
number of:
551
average size:
6.38656987295826
Remuneration:
Median:
39000
tail:
38000
Mean:
43515.9357291663
tail:
38009.6422782321
diff:
9.64227823209512
zeroes:
132
760
2473
2685
2686
2771
2774
2799
2800
3311
3312
3316
3381
3385
3387
3388
3395
3411

Expenses:
Median:
5944
tail:
0
Mean:
12959.9169151886
tail:
0.357335834896811
diff:
0.357335834896811
zeroes:
2986


adjusted:
number of:
551
average size:
5.55716878402904
Remuneration:
Median:
39150
tail:
38536.5
Mean:
42412.4223888631
tail:
38543.1906918153
diff:
6.69069181530358
zeroes:
78
694
2163
2324
2325
2328
2348
2368
2370
2396
2408
2411
2429
2435
2446
2874
2953
2966

Expenses:
Median:
6000
tail:
0
Mean:
12934.9400389439
tail:
0.167374301675978
diff:
0.167374301675978
zeroes:
2704

