restricted:
number of:
473
Remuneration:
Median:
65780
tail:
64420
Mean:
72684.9928982726
tail:
64445.7755487805
diff:
25.7755487804898
zeroes:
29
448
459
460
463
464
476
479
480
485
491
493
502
514

Expenses:
Median:
14969
tail:
3995
Mean:
22002.9237044146
tail:
4003.28256830601
diff:
8.28256830601094
zeroes:
338
340
353
354
380
384
388
405
414
418
426
428
500


prorated:
number of:
554
Remuneration:
Median:
65518
tail:
64031
Mean:
73016.7337063513
tail:
64104.4189850327
diff:
73.4189850327457
zeroes:
42
586
606
615
622
642
675
687

Expenses:
Median:
14603.2
tail:
2488.5
Mean:
21597.0829196384
tail:
2497.39805348906
diff:
8.8980534890643
zeroes:
512
513
662


adjusted:
number of:
554
Remuneration:
Median:
66053.5
tail:
64400
Mean:
72841.4267073275
tail:
64448.265153145
diff:
48.2651531450392
zeroes:
37
520
557
559
562
574
596
613

Expenses:
Median:
14757
tail:
3552.5
Mean:
21692.9887809796
tail:
3573.43253053037
diff:
20.9325305303669
zeroes:
416
417
463
466
594

