x
Chief
Chief/Band_Manager
Former_Chief
Chief_Councillor
Deputy_Chief
Chief/Administrator
Chief/Councillor
Past_Chief
District_Chief
Distrcit_Chief
Grand_Chief
Acting_Chief
Elected_Chief
as_Chief
Chief-General
Chief-Forestry
Chief-Mining
Past_Deputy_Chief
Chief_&_Council
Councillor__Deputy_Chief
Second_Chief
Councillor/Chief
Council_Deputy_Chief
Council_Deputy_Chief/Councillor
Chief_-_Former
Former_Deputy_Chief
Deputy_Chief_Elect
Chief_and_CEO
Chief/Education_Maintenance_Manager
Chief*
Chief/Council
Deputy_Chief/Councilor
Current_Chief
Vice_Chief
Vice-Chief
Councilor/Fire_Chief/White_Bear_Resort_Supervisor
Councillor__Acting_Chief__and_Chief
Councilor/Chief
Chief-Bearspaw
Chief-Chiniki
Chief-Wesley
Vice_Chief/Foreman
Chief_First_Nation
Chef_familial
Grand_Chef
Vice-Grand_Chef
Chef
Deputy_Chief_Councillor
Chief_Councilor
Chef_conseiller
Chef_conseillere
Vice-chef
Chief_and_Councillor
Chief/Cultural_Ambassador/Negotiator__Councilor
Chief/EOO__Intergovernmental_Relations_&_Business__Councilor
Chief/Lead_Negotiator_Aboriginal_Rights_&_Title__Councilor
Chief/Manager__Tribal_Marine_Resources__Councilor
Hereditary_Chief/Governance__Treaty__Health_&_Education
Chief_and_Economic_Development_Officer
Band_Chief
Chief/Director_Khowutzun_Development_Corporation
Chief/Councillor/O&M_Supervisor/Director_Khowutzun_Development_Corporation
Chief/Negotiator
Chief/Economic_Development_Manager
Chief/Health_Program_Administrator
Chief/Senior_Treaty_Negotiator
Acting_Chief_Councilor
Chief_Councillor_&_Natural_Res_Mgr
Councillor_and_Chief
Outgoing_Chief
Chief_in_Council
Chief/Acting_Band_Manager
Chief/Chief_Executive_Officer
Sub-Chief
Sub-chief
Chief/Mayor
Sub-chief/Deputy_Mayor
Sub_Chief
Vice-chef_aux_affaires_extrérieures
Vice-chef_aux_relations_communautaires
Chief_(Naegha_Zhia)
Chief_(Evergreen_Forestry_Ltd)
Chief_(Ehdah_Cho_Store)
sub_Chief
Vice-Chef
chef
