x
Councilor
Councillor/Social_&_Education
Councillor/Housing
Councillor
Councillor_1
Councillor_2
Councillor_3
Councillor_4
Councillor_5
Councillor_6
Councillor_7
Councillor_8
Councillor_9
Councillor_10
Councillor_11
Council
Chief_Councillor
Councillor/Operations_Manager
Councilor/Forest_Liaison_Officer
Councillor/Acting_Co-Manager
Councillor/NNADAP_Worker
Youth_Councillor/Receptionist
Youth_Councilor
Chief/Councillor
Past_Councillor
Council_Member
Head_Councillor
Councillor/Golf_Course_Manager
Councillor/Youth_Centre_Manager
Councillor/WLDM_Training_Officer
Councillor/OW_Case_Worker/WNH_Interim_Office_manager
Councillor/Governance_Acting_Coordinator
Councillor/WDC_Tourism_Coordinator/Proprietor
as_Councilor
Councilor/Daycare_Supervisor
Councilor/Political_Advisor
Councilor/PDA_Program_Coordinator
Councilor/Education_Coordinator
Councilor/Health_Director
Chief_&_Council
Former_Councillor
Support_Councillor
Councillor/Medical_Transportation
Councillor/New_Relationship
Councillor__Deputy_Chief
Councillor/Chief
Council_Deputy_Chief
Council_Deputy_Chief/Councillor
Councillor_-_Former
Councillor/Community_Communications_Liaison_Officer
Councillor/Project_Liaison_Officer
Councillor/Education_Finance_Officer
Councillor/New_Relationship_Liaison_Officer
Councillor/Director_of_Fishing
Councillor/Guardian
Councillor/Victoria_Corner_Market_Manager
Councillor/Welfare_Officer
Councillor/Senior_Advisor
Councillor/Director_of_Public_Works
Councillor/Dept_of_Fisheries
Councillor/Finance
Councillor/Secretary
Councillor/Bus_driver
Councillor_and_Program_Manager
Councillor_and_Assistant_Superintendent
Honorary_Councillor
Councilor/Bus_Driver
Councilor/Tobacco_Shop_Clerk
Councilor/Public_Works_Foreman
Councilor/Social_Manager
Councillor*
Council/Fitness_Center
Council/Assistant_Manager_Rods
Council/Recreation_Coordinator
Council/Fisheries
Council/Director_Public_Works
Chief/Council
Councillor-Former
Deputy_Chief/Councilor
Former_Council
Councilior
Councilor/Taxation_coordinator
Councilor/Income_Assistance_coordinator
Councilor/Fire_Chief/White_Bear_Resort_Supervisor
Councillor__Acting_Chief__and_Chief
Councilor/Chief
Councillor-Bearspaw_Morley
Councillor-Bearspaw_Eden_Valley
Councillor-Chiniki
Councillor-Wesley_Big_Horn
Councillor-Wesley
Councillor/CEO
Councillor/Manager
Councillor/Teacher
Councillor/Nurse_Practitioner
Councillor/Labourer
Conseillére
Conseiller
Deputy_Chief_Councillor
Chief_Councilor
Chef_conseiller
Chef_conseillere
Councillor__Cultural
Conseiller_1
Conseiller_2
Conseiller_3
Chief_and_Councillor
Health_Porfolio_Councillor
Sliammon_Treaty_Society_Councillor
Squamish_Language_Teacher__Councilor
Chief/Cultural_Ambassador/Negotiator__Councilor
Chief/EOO__Intergovernmental_Relations_&_Business__Councilor
Dept_Head__Communications_&_Band_Manager_Services__Councilor_(Co-Chair_of_Council)
Councilor__Co-Chair_of_Council
Chief/Lead_Negotiator_Aboriginal_Rights_&_Title__Councilor
Chief/Manager__Tribal_Marine_Resources__Councilor
Sr._Recreation_Coordinator__Councilor
Councillor_and_Capital_Infrastructure_Officer
Councillor_and_Fisheries_Officer
Band_Council
Councillor/CCP_Coordinator
Councillor/Maintenance
Councillor_(Band_Manager)
Councillor/Staff
Councillor/Lands_Manager
Band_Councillor
On_Reserve_Council
Off_Reserve_Council
Youth_Council
Elder_Council
Councill/Housing
Councillor/School_Principal
Council_Chair
Chief/Councillor/O&M_Supervisor/Director_Khowutzun_Development_Corporation
Councillor/O&M_Supervisor
Councillor/Director_Khowutzun_Development_Corporation
Councillor/Dlrector_Khowutzun_Development_Corporation
Councillor/Membership
Councillor/Group_Home_Manager/Director_Khowutzun_Development_Corporation
Councillor/Transportation_Supervisor
Councillor/Data_Entry_Clerk/Director_Khowutzun_Development_Corporation
Councillor/Cultural_Co-ordinator
Councillor/Community_Justice_Worker
Councillor/Adult_Care
Councillor/Admin_Support
Councillor/Housing/Finance
Councillor/Social_Assistance_Officer
Councillor/Education_Coordinator
Councillor/Director_of_Operations/Fisheries
Councillor/Information_Technology/Social_Development_Assistant
Councillor/Treaty_Communications
Councillor/Fisheries_Guardian
Acting_Chief_Councilor
Chief_Councillor_&_Natural_Res_Mgr
Councillor_Forestry_Manager
Councillor_and_Chief
Councilor_1
Councilor_2
Councilor_3
Councilor_4
Councilor_5
Councilor_6
Councilor_7
Outgoing_Councillor
Chief_in_Council
Councillor/GIS_Worker
Councillor/Health_D&A
Councillor/Ec_Dev_Mgr
Councillor/Prop_Mgmt
Councillor/In_Home_Care
Councillor/Employment_Coordinator
Councillor/General_Manager
Conseillére_délégué
Conseiller_délégué
Conseillér_délégué
Councillor_(Naegha_Zhia)
Councilior_(Naegha_Zhia)
Councillor_(Evergreen_Forestry_Ltd)
Councillor_(Ehdah_Cho_Store)
Past_Councilor
conseiller
conseillére
