x
Deputy_Chief
Past_Deputy_Chief
Second_Chief
Former_Deputy_Chief
Deputy_Chief_Elect
Vice_Chief
Vice-Chief
Vice_Chief/Foreman
Chef_familial
Vice-Grand_Chef
Wolf_Director
Crow_Director
Vice-chef
Board_of_Directors_Secretary
Governing_Body/Lands_Advisory_Board
Governing_Body/Taxation/Lands_Manager
Si:yam
Elected_Official
Elected_Official/Project_Manager
Elected_Official/Head_Foreman
Elected_Official/Career_and_Guidance_Counsellor
Sub-Chief
Sub-chief
Councii_Member
Sub-chief/Deputy_Mayor
Sub_Chief
Vice-chef_aux_affaires_extrérieures
Vice-chef_aux_relations_communautaires
sub_Chief
Contréleur_incendie
Responsable_santé_communautaire
Intervenante_P.N.L.A.A.D.A.
Coordonnateur_en_informatique
Coordonnateur_en_entretien
Vice-Chef
