x
Deputy_Chief
Manager_SMEC
Housing_Director
Support_Worker
A_&_D_Worker
Bus_Driver
Community_Planner
Teacher/CHSMS
Heavy_Equipment_Operator
Contractor
Recreation_Centre_Manager
Firefighter
Food_bank_donation
Economic_Resource_Manager
Aboriginal_Support_Worker
Past_Deputy_Chief
Second_Chief
EDC_Officer
Finance_Clerk
Medical_Driver
Maintenance_assistant
Finance_director
Acting_executive_director
Former_Deputy_Chief
Deputy_Chief_Elect
Headman
Health_Chair
Health_Board
Elder
Vice_Chief
Vice-Chief
CEO_of_AC_Developments
TLE_Coordinator
Director_of_Housing
Community_Health_Representative
Director_of_Recreation_and_Culture
Bus_Contractor
Water_Truck_Driver
President
Board_of_Director
Vice_Chief/Foreman
Chef_familial
Vice-Grand_Chef
Wolf_Director
Crow_Director
Spokesperson
Manager
Land/marine_watchman
Band_manager
Finance_clerk
SEAS_Co-ordinator
Home_school_co-ordinator
Casual
Vice-chef
Director
Sliammon_Treaty_Society_Director
Sliammon_Treaty_Society_Treasurer
Board_of_Directors_Secretary
Health_Board_Chair
Health_Board_Member
Dept_Head__Communications_&_Band_Manager_Services__Councilor_(Co-Chair_of_Council)
Band_Manager_(elected_official)
Governing_Body/Lands_Advisory_Board
Governing_Body/Band_Manger/Housing_Officer
Governing_Body/Taxation/Lands_Manager
LFFA_Executive_Director
Si:yam
Lands_&_Resources_Coordinator
Administrator
Director_of_Lands_and_Resources
Chu_Cho_Industries_Limited_Partnership-Laborer
Home_Community_Care_Coordinator
Environmental_Monitor
Elder/Adviser
Fisheries_Position
Language_Champion
Administrative_Assistant
Financial_Aid_Worker
Environment/Forestry
Administrative_Health_Coordinator
Negotiator-Treaty_Team
Teaching_Assistant
Band_Social_Development_Worker
Learning_Centre_Manager
Health_Clerk
Elected_Official
Elected_Official/Project_Manager
Elected_Official/Head_Foreman
Elected_Official/Career_and_Guidance_Counsellor
Sub-Chief
Sub-chief
Youth_Representative
Elder_Representative
Councii_Member
Sub-chief/Deputy_Mayor
Sub_Chief
Vice-chef_aux_affaires_extrérieures
Vice-chef_aux_relations_communautaires
sub_Chief
Contréleur_incendie
Responsable_santé_communautaire
Intervenante_P.N.L.A.A.D.A.
Coordonnateur_en_informatique
Coordonnateur_en_entretien
Vice-Chef
