Acting_as_an_Elected_Official
Acting_as_an_Officer
Actual_Salary
Actual_Salary
Actual_Salary
Administration
Advance_Receivable
Advantages_sociaux
Allowances
Annual_Salary
Annual_Salary
Autres_rémunérations
Autres_rémunérations
Autres_rémunérations
Autres_rémunérations
Autres_rémunérations
Autres_rémunérations
Autres_rémunérations
Autres_services
Band_Council
Band_Council_Honoraria
Band_Council_Salaried_Position
Band_Salary
Base_Salary
Benefits
Benefits
Benefits
Benefits
Benefits
Benefits_for_all_Staff
Board_Director_Fees
Board_Travel_&_Honoraria
Bonuses
Budget
Bus_Contract
Business_Entities_Expenses
Business_Entities_Remuneration
Business_Entity_Travel
Business_Services
Cell_Allowance
Cell_Phone
Cell_Phone
Cell_Phone
Cell_Phone
Cell_Phone_Allowance
Cell_Phone_Allowance
Cellular
Cellular_Telephone_Allowance
Chef_et_conseillers
Chefs_et_conseillers
Chief_and_Council
Chief_and_Council
Chief_and_Council
Chief_and_Council
Chief_and_Council
Chief_and_Council
Chief_and_Council
Chief_and_Council
Chief_and_Council
Chief_and_Council
Chief_and_Council
Chief_and_Council
Chief_and_Council
Chief_and_Council
Chief_and_Council
Chief_and_Council
Chief_and_Council
Chief_and_Council
Chief_and_Council
Chief_and_Council
Chief_and_Council
Chief_and_Council
Chief_and_Council
Chief_and_Council
Chief_and_Council
Chief_and_Council
Chief_and_Council
Chief_and_Council
Chief_and_Council
Chief_and_Council
Chief_and_Council
Chief_and_Council
Chief_and_Council
Chief_and_Council
Chief_and_Councillor_Remuneration
Chief_and_Councillors
Chief_and_Council_Members
Chief_and_Council_Travel_&_Per_Diem
Chief/Council_Member
Chief/Council_Member
Chief/Council_Member
Chief/Council_Member
Chief/Council_Member
Chief/Council_Member
Chief_&_Council_Travel
Christmas_Bonus
Community_Representing
Consultation
Contract
Contractor_Payments_&_Rent
Contractor_receipts
Contracts
Contracts
Contracts
Contracts
Council
Council_Honoraria
Council_Honoraria
Council_Member
Council_Member
Council_Member
Council_Member
Council_Member
Council_Member
Council_Travel
Cree_Land_Mini-Mart_Limited_Partnership_Expense
Cree_Land_Mini-Mart_Limited_Partnership_Per_diem
Dene_Resources
Designation
Duration_(Months)
Duration_(Months)
Duration_(Months)
Economic_Development_Salary
Education
Elected
Elected_Official
Elected_Officials
Elected_Officials
Elected_Officials
Elected_Officials
Elected_Officials
Elected_Officials
Elected_or_Appointed_Officials
Elected_or_Appointed_Officials
Employment_Salary
Expenses
Expenses
Expenses
Expenses
Expenses
Expenses
Expenses
Expenses
Expenses
Expenses
Expenses
Expenses
Expenses
Expenses
Expenses
Expenses
Expenses
Expenses
Expenses
Expenses
Expenses
Expenses
Expenses
Expenses
Expenses
Expenses
Expenses
Expenses
Expenses
Expenses
Expenses
Expenses
Expenses
Expenses
Expenses
Expenses
Expenses
Expenses
Expenses
Expenses
Expenses
Expenses
Expenses
Expenses
Expenses
Expenses
Expenses
Expenses
Expenses
Expenses
Expenses
Expenses
Expenses
Expenses
Expenses
Expenses
Expenses
Expenses
Expenses
Expenses
Expenses
Expenses
Expenses
Expenses
Expenses
Expenses
Expenses
Expenses
Expenses
Expenses
Expenses
Expenses
Expenses
Expenses
Expenses
Expenses
Expenses
Expenses
Expenses
Expenses
Expenses
Expenses
Expenses
Expenses
Expenses
Expenses
Expenses
Expenses
Expenses
Expenses
Expenses
Expenses
Expenses
Expenses
Expenses
Expenses
Expenses
Expenses
Expenses
Expenses
Expenses
Expenses
Expenses
Expenses
Expenses
Expenses
Expenses
Expenses
Expenses
Expenses
Expenses
Expenses
Expenses
Expenses
Expenses
Expenses
Expenses
Expenses
Expenses
Expenses
Expenses
Expenses
Expenses
Expenses
Expenses
Expenses
Expenses
Expenses
Expenses
Expenses
Expenses
Expenses
Expenses
Expenses
Expenses
Expenses
Expenses
Expenses
Expenses
Expenses
Expenses
Expenses
Expenses
Expenses
Expenses
Expenses
Expenses
Expenses
Expenses
Expenses
Expenses
Expenses
Expenses
Expenses
Expenses
Expenses
Expenses
Expenses
Expenses
Expenses
Expenses
Expenses
Expenses
Expenses
Expenses
Expenses
Expenses
Expenses
Expenses
Expenses
Expenses
Expenses
Expenses
Expenses
Expenses
Expenses
Expenses
Expenses
Expenses
Expenses
Expenses
Expenses
Expenses
Expenses
Expenses
Expenses
Expenses
Expenses
Expenses
Expenses
Expenses
Expenses
Expenses
Expenses
Expenses
Expenses
Expenses
Expenses
Expenses
Expenses
Expenses
Expenses
Expenses
Expenses
Expenses
Expenses
Expenses
Expenses
Expenses
Expenses
Expenses
Expenses
Expenses
Expenses
Expenses
Expenses
Expenses
Expenses
Expenses
Expenses
Expenses
Expenses
Expenses
Expenses
Expenses
Expenses
Expenses
Expenses
Expenses
Expenses
Expenses
Expenses
Expenses
Expenses
Expenses
Expenses
Expenses
Expenses
Expenses
Expenses
Expenses
Expenses
Expenses
Expenses
Expenses
Expenses
Expenses
Expenses
Expenses
Expenses
Expenses
Expenses
Expenses
Expenses
Expenses
Expenses
Expenses
Expenses
Expenses
Expenses
Expenses
Expenses
Expenses
Expenses
Expenses
Expenses
Expenses
Expenses
Expenses
Expenses
Expenses
Expenses
Expenses
Expenses
Expenses
Expenses
Expenses
Expenses
Expenses
Expenses
Expenses
Expenses
Expenses
Expenses
Expenses
Expenses
Expenses
Expenses
Expenses
Expenses_(Federal_Government_Funds)
Expenses_in_Other_Remuneration
Expenses/Mileage_and_Accomodation
Expenses_NA
Expenses_NA
Expenses_NA
Expenses_NA
Expenses_NA
Expenses_NA
Expenses_NA
Expenses_NA
Expenses_NA
Expenses_NA
Expenses_NA
Expenses_NA
Expenses_NA
Expenses_NA
Expenses_NA
Expenses_NA
Expenses_NA
Expenses_NA
Expenses_NA
Expenses_NA
Expenses_NA
Expenses_NA
Expenses_NA
Expenses_(Own_Source_Revenue)
Expenses_Reimbursed
Expenses_Reimbursed_as_part_of_Other_Remuneration
Expenses_Reimbursed_as_part_of_Other_Remuneration
Expenses_Reimbursed_as_part_of_other_Remuneration
Expenses_Reimbursed_as_part_of_Other_Remuneration_Travel
Expenses_Reimbursed_as_part_of_other_Remuneration_TRAVEL
Expenses_Reimbursed_as_part_of_Training_Remuneration
Expenses_(Woodland_Cree_First_Nation)
Expenses_(Woodland_Cree_First_Nation_Group_of_Companies)
First_Nation_Administration
First_Nation_Expenses
First_Nation_Remuneration
Flights/Meals/Accommodations
Fonction
Frais_de_déplacement
Frais_de_déplacement
Frais_dé_deplacements
Frais_de_déplacements
Frais_de_voyage
Frais_de_voyage
Frais_de_voyage
Frais_de_voyage
Frais_de_voyage
Frais_de_voyage
Frais_de_voyage
Frais_de_voyage
Frais_de_Voyages
Frais_de_Voyages
Frais_de_voyages
Frais_de_voyages
Frais_de_voyages
Frais_de_voyages
Frais_de_voyages
Frais_de_voyages_et_de_garde
Fuel_Allowance
GGDLP_&_TLE_Per_diems
Government_Remuneration
Gross_Pay_2014
Health
Honoraire
Honoraires
Honoraires_de_fonction
Honoraires_salaires
Honoraires_salaires
Honoraires_salaires
Honoraria
Honoraria
Honoraria
Honoraria
Honoraria
Honoraria
Honoraria
Honoraria
Honoraria
Honoraria
Honoraria
Honoraria
Honoraria
Honoraria
Honoraria
Honoraria
Honoraria
Honoraria
Honoraria
Honoraria
Honoraria
Honoraria
Honoraria
Honoraria
Honoraria
Honoraria
Honoraria
Honoraria
Honoraria
Honoraria
Honoraria
Honoraria
Honoraria
Honoraria
Honoraria
Honoraria
Honoraria
Honoraria
Honoraria
Honoraria
Honoraria
Honoraria
Honoraria
Honoraria
Honoraria
Honoraria
Honoraria
Honoraria
Honoraria
Honoraria
Honoraria
Honoraria
Honoraria
Honoraria
Honoraria
Honoraria
Honoraria
Honoraria
Honoraria
Honoraria
Honoraria
Honoraria
Honoraria
Honoraria
Honoraria
Honoraria
Honoraria
Honoraria
Honoraria
Honoraria
Honoraria
Honoraria
Honoraria
Honoraria
Honoraria
Honoraria
Honoraria
Honoraria
Honoraria
Honoraria
Honoraria
Honoraria
Honoraria
Honoraria
Honoraria
Honoraria
Honoraria
Honoraria
Honoraria
Honoraria
Honoraria
Honoraria
Honoraria
Honoraria
Honoraria
Honoraria
Honoraria
Honoraria
Honoraria
Honoraria
Honoraria
Honoraria
Honoraria
Honoraria_and_Allowances
Honoraria_and_Salaries
Honoraria_and_Salaries
Honoraria_Expenses
Honoraria_&_Other
Honoraria_(Own_Source)
Honoraria_Paid
Honoraria_Reimbursement
Honoraria/Salary
Honoraria/Salary
Honoraria/Salary
Honoraria/Salary
Honoraria_Sturgeon_Lake_Developments
Honoraria_Sturgeon_Lake_Resources
Honoraria_Sturgeon_Lake_Trust
Honorariua
Honorarium
Honorarium
Honorarium
Honorarium
Honorarium
Honorarium
Honorarium
Honorarium
Honorarium
Honorarium
Honorarium
Honorarium
Honorarium
Honorarium
Honorariums
Honorariums
Honorariums
Honorariums_and_Per_Diems
Honoraruim/Travel
IBA
IDENTIFICATION
Individual
Individual
Individual
Length_of_Employment
Length_of_Service
Length_of_Service
Length_of_Service
Length_of_Service
Life_and_health
Living_Allowance
Meeting_&_Honorariums
Meetings_and_Travel
Meetings_&_Per_Diems
Meetings_&_Travel
Meetings_&_Travel
Meetings_&_Travel
Meetings_&_Travel
Meetings_&_Travel
Meetings_&_Travel_Expense
Mileage_Expense
Month
Months
Months
Months
Months
Months
Months
Months
Months
Months
Months
Months
Months
Months
Months
Months
Months
Months
Months
Months
Months
Months
Months
Months
Months
Months
Months
Months
Months
Months
Months
Months
Months
Months
Months
Months
Months
Months
Months
Months
Months
Months
#_Months
#_Months
#_months
#_months
#_months
Months_Covered
Months_in_Office
Months_in_Position
#_Months/Months_in_Office
Months_NA
Months_NA
Months_NA
Months_NA
Months_NA
Months_NA
Months_NA
Months_NA
Months_NA
Months_NA
Months_NA
Months_NA
Months_NA
Months_NA
Months_NA
Months_NA
Months_NA
Months_NA
Months_NA
Months_NA
Months_NA
Months_NA
Months_NA
Months_NA
Months_NA
Months_NA
#_Mos
Name
Name
Name
Name
Name
Name
Name
Name
Name
Name
Name
Name
Name
Name
Name
Name
Name
Name
Name
Name
Name
Name
Name
Name
Name
Name
Name
Name
Name
Name
Name
Name
Name
Name
Name
Name
Name
Name
Name
Name
Name
Name
Name
Name
Name
Name
Name
Name
Name
Name
Name
Name
Name
Name
Name
Name
Name
Name
Name
Name
Name
Name
Name
Name
Name
Name
Name
Name
Name
Name
Name
Name
Name
Name
Name
Name
Name
Name
Name
Name
Name
Name
Name
Name
Name
Name
Name
Name
Name
Name
Name
Name
Name
Name
Name
Name
Name
Name
Name
Name
Name
Name
Name
Name_NA
Name_NA
Name_NA
Name_NA
Name_NA
Name_NA
Name_NA
Name_NA
Name_NA
Name_NA
Name_NA
Name_NA
Name_NA
Name_NA
Name_NA
Name_NA
Name_NA
Name_NA
Name_NA
Name_NA
Name_NA
Name_NA
Name_NA
Name_NA
Name_NA
Name_NA
Name_NA
Name_NA
Name_NA
Name_NA
Name_NA
Name_NA
Name_NA
Name_NA
Name_NA
Name_NA
Name_NA
Name_NA
Name_NA
Name_NA
Name_NA
Name_NA
Name_NA
Name_NA
Name_NA
Name_NA
Name_NA
Name_NA
Name_NA
Name_NA
Name_NA
Name_NA
Name_NA
Name_NA
Name_NA
Name_NA
Name_NA
Name_NA
Name_NA
Name_NA
Name_NA
Name_NA
Name_NA
Name_NA
Name_NA
Name_NA
Name_NA
Name_NA
Name_NA
Name_NA
Name_NA
Name_NA
Name_NA
Name_NA
Name_NA
Name_NA
Name_NA
Name_NA
Name_NA
Name_NA
Name_NA
Name_NA
Name_NA
Name_NA
Name_NA
Name_NA
Name_NA
Name_NA
Name_NA
Name_NA
Name_NA
Name_NA
Name_NA
Name_NA
Name_NA
Name_NA
Name_NA
Name_NA
Name_NA
Name_NA
Name_NA
Name_NA
Name_NA
Name_NA
Name_NA
Name_NA
Name_NA
Name_NA
Name_NA
Name_NA
Name_NA
Name_NA
Name_NA
Name_NA
Name_NA
Name_NA
Name_NA
Name_NA
Name_NA
Name_NA
Name_NA/Elected_or_Appointed_Officials
Name_of_Employer
Name_of_Individual
Name_of_Individual
Name_of_Individual
Name_of_Individual
Name_of_Individual
Name_of_Individual
Name_of_Individual
Name_of_Individual
Name_of_Individual
Name_of_Individual
Name_of_Individual
Name_of_Individual
Name_of_Individual
Name_of_Individual
Name_of_Individual
Name_of_Individual
Name_of_Individual
Name_of_Individual
Name_of_Individual
Name_of_Individual
Name_of_Individual
Name_of_Individual
Name_of_Individual
Name_of_Individual
Name_of_Individual
Name_of_Individual
Name_of_Individual
Name_of_Individual
Name_of_Individual
Name_of_Individual
Name_of_Individual
Name_of_Individual
Name_of_Individual
Name_of_Individual
Name_of_Individual
Name_of_Individual
Name_of_Individual
Name_of_Individual
Name_of_Individual
Name_of_Individual
Name_of_Individual
Name_of_Individual
Name_of_Individual
Name_of_Individual
Name_of_Individual
Name_of_Individual
Name_of_Individual
Name_of_Individual
Name_of_Individual
Name_of_Individual
Name_of_Individual
Name_of_Individual
Name_of_Individual
Name_of_Individual
Name_of_Individual
Name_of_Individual
Name_of_Individual
Name_of_Individual
Name_of_Individual
Name_of_Individual
Name_of_Individual
Name_of_Individual
Name_of_Individual
Name_of_Individual
Name_of_Individual
Name_of_Individual
Name_of_Individual
Name_of_Individual
Name_of_Individual
Name_of_Individual
Name_of_Individual
Name_of_Individual
Name_of_Individual
Name_of_Individual
Name_of_Individual
Name_of_Individual
Name_of_Individual
Name_of_Individual
Name_of_Individual
Name_of_Individual
Name_of_Individual
Name_of_Individual
Name_of_Individual
Name_of_Individual
Name_of_Individual
Name_of_Individual
Name_of_Individual
Name_of_Individual
Name_of_Individual
Name_of_Individual
Name_of_Individual
Name_of_Individual
Name_of_Individual
Name_of_Individual
Name_of_Individual
Name_of_Individual
Name_of_Individual
Name_of_Individual
Name_of_Individual
Name_of_Individual
Name_of_Individual
Name_of_Individual
Name_of_Individual
Name_of_Individual
Name_of_Individual
Name_of_Individual
Name_of_Individual
Name_of_Individual
Name_of_Individual
Name_of_Individual
Name_of_Individual
Name_of_Individual
Name_of_Individual
Name_of_Individual
Name_of_Individual
Name_of_Individual
Name_of_Individual
Name_of_Individual
Name_of_Individual
Name_of_Individual
Name_of_Individual
Name_of_Individual
Name_of_Individual
Name_of_Individual
Name_of_Individual
Name_of_Individual
Name_of_Individual
Name_of_Individual
Name_of_Individual
Name_of_Individual
Name_of_Individual
Name_of_Individual
Name_of_Individual
Name_of_Individual
Name_of_Individual
Name_of_Individual
Name_of_Individual
Name_of_Individual
Name_of_Individual
Name_of_Individual
Name_of_Individual
Name_of_Individual
Name_of_Individual
Name_of_Individual
Name_of_Individual
Name_of_Individual
Name_of_Individual
Name_of_Individual
Name_of_Individual
Name_of_Individual
Name_of_Individual
Name_of_Individual
Name_of_Individual
Name_of_Individual
Name_of_Individual
Name_of_Individual
Name_of_Individual
Name_of_Individual
Name_of_Individual
Name_of_Individual
Name_of_Individual
Name_of_Individual
Name_of_Individual
Name_of_Individual
Name_of_Individual
Name_of_Individual
Name_of_Individual
Name_of_Individual
Name_of_Individual
Name_of_Individual
Name_of_Individual
Name_of_Individual
Name_of_Individual
Name_of_Individual
Name_of_Individual
Name_of_Individual
Name_of_Individual
Name_of_Individual
Name_of_Individual
Name_of_Individual
Name_of_Individual
Name_of_Individual
Name_of_Individual
Name_of_Individual
Name_of_Individual
Name_of_Individual
Name_of_Individual
Name_of_Individual
Name_of_Individual
Name_of_Individual
Name_of_Individual
Name_of_Individual
Name_of_Individual
Name_of_Individual
Name_of_Individual
Name_of_Individual
Name_of_Individual
Name_of_Individual
Name_of_Individual
Name_of_Individual
Name_of_Individual
Name_of_Individual
Name_of_Individual
Name_of_Individual
Name_of_Individual
Name_of_Individual
Name_of_Individual
Name_of_Individual
Name_of_Individual
Name_of_Individual
Name_of_Individual
Name_of_Individual
Name_of_Individual
Name_of_Individual
Name_of_Individual
Name_of_Individual
Name_of_Individual
Name_of_Individual
Name_of_Individual
Name_of_Individual
Name_of_Individual
Name_of_Individual
Name_of_Individual
Name_of_Individual
Name_of_Individual
Name_of_Individual
Name_of_Individual
Name_of_Individual
Name_of_Individual
Name_of_Individual
Name_of_Individual
Name_of_Individual
Name_of_Individual
Name_of_Individual
Name_of_Individual
Name_of_Individual
Name_of_Individual
Name_of_Individual
Name_of_Individual
Name_of_Individual
Name_of_Individual
Name_of_Individual
Name_of_Individual
Name_of_Individual
Name_of_Individual
Name_of_Individual
Name_of_Individual
Name_of_Individual
Name_of_Individual
Name_of_Individual
Name_of_Individual
Name_of_Individual
Name_of_Individual
Name_of_Individual
Name_of_Individual
Name_of_Individual
Name_of_Individual
Name_of_Individual
Name_of_Individual
Name_of_Individual
Name_of_Individual
Name_of_Individual
Name_of_Individual
Name_of_Individual
Name_of_Individual
Name_of_individual
Name_of_individual
Name_of_individual
Name_of_individual
Name_of_individual
Name_of_individual
Name_of_Individual_Chief/Council_Member
Name_of_Individual_Chief/Council_Member
Name_of_Individuals
Net_travel_expenses
NOM
Nom
Nom
Nom
Nom
Nom
Nom
Nom
Nom
Nom
Nom
Nombre_de_mois
Nombre_de_mois
Nombre_de_mois
Nombre_de_mois
Nombre_de_mois
Nombre_de_mois
Nombre_de_mois
Nombre_de_mois
Nombre_de_mois
Nombre_de_Mois_en_Poste
Nombre_de_mois_en_poste
Nombre_de_mois_en_poste
Nombre_de_mois_en_poste
Nombre_de_mois_en_poste
Nombre_de_mois_en_poste
Nombre_de_mois/semaines
Nombre_de_mois/semaines
Nombre_de_mois/semaines
Nombre_de_semaines
Nombre_semaines
Nom_de_la_Personne
Nom_de_la_personne
Nom_de_la_personne
Non-Government_Remuneration
No._Of_Months
No._Of_Months
No._Of_Months
No._Of_Months
No_of_Months
No._of_Months
No._of_Months
No._of_Months
No._of_Months
No._of_Months
No._of_Months
No._of_Months
No._of_Months
No._of_Months
No._of_Months
No._of_Months
No._of_Months
No._of_Months
No._of_Months
No._of_Months
No._of_Months
No._of_Months
No._of_Months
No._of_Months
No._of_Months
No._of_Months
No._of_Months
No._of_Months
No._of_Months
No._of_Months
No._of_months
No._of_Months_In_Office
Number_of_Months
Number_of_Months
Number_of_Months
Number_of_Months
Number_of_Months
Number_of_Months
Number_of_Months
Number_of_Months
Number_of_Months
Number_of_Months
Number_of_Months
Number_of_Months
Number_of_Months
Number_of_Months
Number_of_Months
Number_of_Months
Number_of_Months
Number_of_Months
Number_of_Months
Number_of_Months
Number_of_Months
Number_of_Months
Number_of_Months
Number_of_Months
Number_of_Months
Number_of_Months
Number_of_Months
Number_of_Months
Number_of_Months
Number_of_Months
Number_of_Months
Number_of_Months
Number_of_Months
Number_of_Months
Number_of_Months
Number_of_Months
Number_of_Months
Number_of_Months
Number_of_Months
Number_of_Months
Number_of_Months
Number_of_Months
Number_of_Months
Number_of_Months
Number_of_Months
Number_of_Months
Number_of_Months
Number_of_Months
Number_of_Months
Number_of_Months
Number_of_Months
Number_of_Months
Number_of_Months
Number_of_Months
Number_of_Months
Number_of_Months
Number_of_Months
Number_of_Months
Number_of_Months
Number_of_Months
Number_of_Months
Number_of_Months
Number_of_Months
Number_of_Months
Number_of_Months
Number_of_Months
Number_of_Months
Number_of_Months
Number_of_Months
Number_of_Months
Number_of_Months
Number_of_Months
Number_of_Months
Number_of_Months
Number_of_Months
Number_of_Months
Number_of_Months
Number_of_Months
Number_of_Months
Number_of_Months
Number_of_Months
Number_of_Months
Number_of_Months
Number_of_Months
Number_of_Months
Number_of_Months
Number_of_Months
Number_of_Months
Number_of_Months
Number_of_Months
Number_of_Months
Number_of_Months
Number_of_Months
Number_of_Months
Number_of_Months
Number_of_Months
Number_of_Months
Number_of_Months
Number_of_Months
Number_of_Months
Number_of_Months
Number_of_Months
Number_of_Months
Number_of_Months
Number_of_Months
Number_of_Months
Number_of_Months
Number_of_Months
Number_of_Months
Number_of_Months
Number_of_Months
Number_of_Months
Number_of_Months
Number_of_Months
Number_of_Months
Number_of_Months
Number_of_Months
Number_of_Months
Number_of_Months
Number_of_Months
Number_of_Months
Number_of_Months
Number_of_Months
Number_of_Months
Number_of_Months
Number_of_Months
Number_of_Months
Number_of_Months
Number_of_Months
Number_of_Months
Number_of_Months
Number_of_Months
Number_of_Months
Number_of_Months
Number_of_Months
Number_of_Months
Number_of_Months
Number_of_Months
Number_of_Months
Number_of_Months
Number_of_Months
Number_of_Months
Number_of_Months
Number_of_Months
Number_of_Months
Number_of_Months
Number_of_Months
Number_of_Months
Number_of_Months
Number_of_Months
Number_of_Months
Number_of_Months
Number_of_Months
Number_of_Months
Number_of_Months
Number_of_Months
Number_of_Months
Number_of_Months
Number_of_Months
Number_of_Months
Number_of_Months
Number_of_Months
Number_of_Months
Number_of_Months
Number_of_Months
Number_of_Months
Number_of_Months
Number_of_Months
Number_of_Months
Number_of_Months
Number_of_Months
Number_of_Months
Number_of_Months
Number_of_Months
Number_of_Months
Number_of_Months
Number_of_Months
Number_of_Months
Number_of_Months
Number_of_Months
Number_of_Months
Number_of_Months
Number_of_Months
Number_of_Months
Number_of_Months
Number_of_Months
Number_of_Months
Number_of_Months
Number_of_Months
Number_of_Months
Number_of_Months
Number_of_Months
Number_of_Months
Number_of_Months
Number_of_Months
Number_of_Months
Number_of_Months
Number_of_Months
Number_of_Months
Number_of_Months
Number_of_Months
Number_of_Months
Number_of_Months
Number_of_Months
Number_of_Months
Number_of_Months
Number_of_Months
Number_of_Months
Number_of_Months
Number_of_Months
Number_of_Months
Number_of_Months
Number_of_Months
Number_of_Months
Number_of_Months
Number_of_Months
Number_of_Months
Number_of_Months
Number_of_Months
Number_of_Months
Number_of_Months
Number_of_Months
Number_of_Months
Number_of_Months
Number_of_Months
Number_of_Months
Number_of_Months
Number_of_Months
Number_of_Months
Number_of_Months
Number_of_Months
Number_of_Months
Number_of_Months
Number_of_Months
Number_of_Months
Number_of_Months
Number_of_Months
Number_of_Months
Number_of_Months
Number_of_Months
Number_of_Months
Number_of_Months
Number_of_Months
Number_of_Months
Number_of_Months
Number_of_Months
Number_of_Months
Number_of_Months
Number_of_Months
Number_of_Months
Number_of_Months
Number_of_Months
Number_of_Months
Number_of_Months
Number_of_Months
Number_of_Months
Number_of_Months
Number_of_Months
Number_of_Months
Number_of_Months
Number_of_Months
Number_of_Months
Number_of_Months
Number_of_Months
Number_of_Months
Number_of_Months
Number_of_Months
Number_of_Months
Number_of_Months
Number_of_Months
Number_of_Months
Number_of_Months
Number_of_Months
Number_of_Months
Number_of_Months
Number_of_Months
Number_of_Months
Number_of_Months
Number_of_Months
Number_of_Months
Number_of_Months
Number_of_Months
Number_of_Months
Number_of_Months
Number_of_Months
Number_of_Months
Number_of_Months
Number_of_Months
Number_of_Months
Number_of_Months
Number_of_Months
Number_of_Months
Number_of_Months
Number_of_Months
Number_of_Months
Number_of_Months
Number_of_Months
Number_of_Months
Number_of_Months
Number_of_Months
Number_of_Months
Number_of_Months
Number_of_Months
Number_of_Months
Number_of_Months
Number_of_Months
Number_of_Months
Number_of_Months
Number_of_Months
Number_of_Months
Number_of_Months
Number_of_Months
Number_of_Months
Number_of_Months
Number_of_Months
Number_of_Months
Number_of_Months
Number_of_Months
Number_of_Months
Number_of_Months
Number_of_Months
Number_of_Months
Number_of_Months
Number_of_Months
Number_of_Months
Number_of_Months
Number_of_Months
Number_of_Months
Number_of_Months
Number_of_Months
Number_of_Months
Number_of_Months
Number_of_Months
Number_of_Months
Number_of_Months
Number_of_Months
Number_of_Months
Number_of_Months
Number_of_Months
Number_of_Months
Number_of_Months
Number_of_Months
Number_of_Months
Number_of_Months
Number_of_Months
Number_of_Months
Number_of_Months
Number_of_Months
Number_of_Months
Number_of_Months
Number_of_Months
Number_of_Months
Number_of_Months
Number_of_Months
Number_of_Months
Number_of_Months
Number_of_Months
Number_of_Months
Number_of_Months
Number_of_Months
Number_of_Months
Number_of_Months
Number_of_Months
Number_of_Months
Number_of_Months
Number_of_Months
Number_of_Months
Number_of_Months
Number_of_Months
Number_of_Months
Number_of_Months
Number_of_Months
Number_of_Months
Number_of_Months
Number_of_Months
Number_of_Months
Number_of_months
Number_of_months
Number_of_months
Number_of_months
Number_of_Months_in_office
Number_of_months_in_office
Number_of_months_in_office
Number_of_Months_on_the_Board
Number_of_months'_service
Number_of_Weeks
Number_of_weeks
Number_of_Weeks_in_office
Office
#_of_Months
#_of_Months
#_of_Months
#_of_Months
#_of_Months
#_of_Months
#_of_Months
#_of_Months
#_of_Months
#_of_Months
#_of_Months
#_of_Months
#_of_Months
#_of_Months
#_of_Months
#_of_Months
#_of_Months
#_of_Months
#_of_Months
#_of_Months
#_of_Months
#_of_Months
#_of_Months
#_of_Months
#_of_Months
#_of_Months
#_of_Months
#_of_Months
#_of_Months
#_of_Months
#_of_Months
#_of_Months
#_of_Months
#_of_months
#_of_months
#_of_months
#_of_months
#_of_months
#_of_Months_on_Council
#_of_Months_on_Council
#_of_Mths
Other
Other
Other
Other
Other
Other
Other
Other
Other
Other
Other
Other
Other
Other
Other
Other
Other
Other
Other
Other
Other
Other
Other
Other
Other
Other
Other
Other
Other
Other
Other
Other
Other
Other
Other
Other
Other
Other
Other
Other
Other
Other
Other
Other
Other
Other_honoraria
Other_Honorarium
Other_Payments
Other_Payments
Other_Per_Diems
Other_Per_Diems
Other_position_than_Chief_or_Council_members
Other_Remuneration
Other_Remuneration
Other_Remuneration
Other_Remuneration
Other_Remuneration
Other_Remuneration
Other_Remuneration
Other_Remuneration
Other_Remuneration
Other_Remuneration
Other_Remuneration
Other_Remuneration
Other_Remuneration
Other_Remuneration
Other_Remuneration
Other_Remuneration
Other_Remuneration
Other_Remuneration
Other_Remuneration
Other_Remuneration
Other_Remuneration
Other_Remuneration
Other_Remuneration
Other_Remuneration
Other_Remuneration
Other_Remuneration
Other_Remuneration
Other_Remuneration
Other_Remuneration
Other_Remuneration
Other_Remuneration
Other_Remuneration
Other_Remuneration
Other_Remuneration
Other_Remuneration
Other_Remuneration
Other_Remuneration
Other_Remuneration
Other_Remuneration
Other_Remuneration
Other_Remuneration
Other_Remuneration
Other_Remuneration
Other_Remuneration
Other_Remuneration
Other_Remuneration
Other_Remuneration
Other_Remuneration
Other_Remuneration
Other_Remuneration
Other_Remuneration
Other_Remuneration
Other_Remuneration
Other_Remuneration
Other_Remuneration
Other_Remuneration
Other_Remuneration
Other_Remuneration
Other_Remuneration
Other_Remuneration
Other_Remuneration
Other_Remuneration
Other_Remuneration
Other_Remuneration
Other_Remuneration
Other_Remuneration
Other_Remuneration
Other_Remuneration
Other_Remuneration
Other_Remuneration
Other_Remuneration
Other_Remuneration
Other_Remuneration
Other_Remuneration
Other_Remuneration
Other_Remuneration
Other_Remuneration
Other_Remuneration
Other_Remuneration
Other_Remuneration
Other_Remuneration
Other_Remuneration
Other_Remuneration
Other_remuneration
Other_remuneration
Other_remuneration
Other_remuneration
Other_remuneration
Other_remuneration
Other_remuneration
Other_remuneration
Other_remuneration
Other_remuneration
Other_remuneration
Other_remuneration
Other_remuneration
Other_remuneration
Other_remuneration
Other_remuneration
Other_remuneration
Other_remuneration
Other_remuneration
Other_remuneration
Other_Remuneration/Benefits
Other_Remuneration_Honorariums
Other_Remuneration_Non_Monetary_Benefits
Other_Remuneration_Non_Monetary_Benefits
Other_Remuneration_Non_Monetary_Pension
Other_Remuneration_Non_Monetary_Pension
Other_Remuneration_(Own_Source)
Other_Remunerations
Other_Remuneration_TRAINING
Other_Remuneration_Training
Other_Remuneration_TRAVEL
Other_Remuneration_Travel
Other_Remuneration_Travel
Other_Remuneration_VISA
Other_Renumeration
Other_Travel
Owned_Entity_Travel/Meetings
PAGC_Payments
PAGC_Payments
Payment_to_Related_Business
Pension
Pension
Pension
Pension
Pension_and_Benefits
Pension/Benefits
Pension_Premiums
Per_diem
Per_Diems
Per_diems
Per_diems
Per_Diems_and_Travel
Period
Phone_Allowance
Piapot_First_Nation_Expense
Piapot_First_Nation_Per_diem
Position
Position
Position
Position
Position
Position
Position
Position
Position
Position
Position
Position
Position
Position
Position
Position
Position
Position
Position
Position
Position
Position
Position
Position
Position
Position
Position
Position
Position
Position
Position
Position
Position
Position
Position
Position
Position
Position
Position
Position
Position
Position
Position
Position
Position
Position
Position
Position
Position
Position
Position
Position
Position
Position
Position
Position
Position
Position
Position
Position
Position
Position
Position
Position
Position
Position
Position
Position
Position
Position
Position
Position
Position
Position
Position
Position
Position
Position
Position
Position
Position
Position
Position
Position
Position
Position
Position
Position
Position
Position
Position
Position
Position
Position
Position
Position
Position
Position
Position
Position
Position
Position
Position
Position
Position
Position
Position
Position
Position
Position
Position
Position
Position
Position
Position
Position
Position
Position
Position
Position
Position
Position
Position
Position
Position
Position
Position
Position
Position
Position
Position
Position
Position
Position
Position
Position
Position_and_Title
Position_and_Title
Position_and_Title
Position_and_Title
Position_and_Title
Position_and_Title
Position_Held
Position_Title
Position_Title
Position_Title
Position_Title
Position_Title
Position_Title
Position_Title
Position_Title
Position_Title
Position_Title
Position_Title
Position_Title
Position_Title
Position_Title
Position_Title
Position_Title
Position_Title
Position_Title
Position_Title
Position_Title
Position_Title
Position_Title
Position_Title
Position_Title
Position_Title
Position_Title
Position_Title
Position_Title
Position_Title
Position_Title
Position_Title
Position_Title
Position_Title
Position_Title
Position_Title
Position_Title
Position_Title
Position_Title
Position_Title
Position_Title
Position_Title
Position_Title
Position_Title
Position_Title
Position_Title
Position_Title
Position_Title
Position_Title
Position_Title
Position_Title
Position_Title
Position_Title
Position_Title
Position_Title
Position_Title
Position_Title
Position_Title
Position_Title
Position_Title
Position_Title
Position_Title
Position_Title
Position_Title
Position_Title
Position_Title
Position_Title
Position_Title
Position_Title
Position_Title
Position_Title
Position_Title
Position_Title
Position_Title
Position_Title
Position_Title
Position_Title
Position_Title
Position_Title
Position_Title
Position_Title
Position_Title
Position_Title
Position_Title
Position_Title
Position_Title
Position_Title
Position_Title
Position_Title
Position_Title
Position_Title
Position_Title
Position_Title
Position_Title
Position_Title
Position_Title
Position_Title
Position_Title
Position_Title
Position_Title
Position_Title
Position_Title
Position_Title
Position_Title
Position_Title
Position_Title
Position_Title
Position_Title
Position_Title
Position_Title
Position_Title
Position_Title
Position_Title
Position_Title
Position_Title
Position_Title
Position_Title
Position_Title
Position_Title
Position_Title
Position_Title
Position_Title
Position_Title
Position_Title
Position_Title
Position_Title
Position_Title
Position_Title
Position_Title
Position_Title
Position_Title
Position_Title
Position_Title
Position_Title
Position_Title
Position_Title
Position_Title
Position_Title
Position_Title
Position_Title
Position_Title
Position_Title
Position_Title
Position_Title
Position_Title
Position_Title
Position_Title
Position_Title
Position_Title
Position_Title
Position_Title
Position_Title
Position_Title
Position_Title
Position_Title
Position_Title
Position_Title
Position_Title
Position_Title
Position_Title
Position_Title
Position_Title
Position_Title
Position_Title
Position_Title
Position_Title
Position_Title
Position_Title
Position_Title
Position_Title
Position_Title
Position_Title
Position_Title
Position_Title
Position_Title
Position_Title
Position_Title
Position_Title
Position_Title
Position_Title
Position_Title
Position_Title
Position_Title
Position_Title
Position_Title
Position_Title
Position_Title
Position_Title
Position_Title
Position_Title
Position_Title
Position_Title
Position_Title
Position_Title
Position_Title
Position_Title
Position_Title
Position_Title
Position_Title
Position_Title
Position_Title
Position_Title
Position_Title
Position_Title
Position_Title
Position_Title
Position_Title
Position_Title
Position_Title
Position_Title
Position_Title
Position_Title
Position_Title
Position_Title
Position_Title
Position_Title
Position_Title
Position_Title
Position_Title
Position_Title
Position_Title
Position_Title
Position_Title
Position_Title
Position_Title
Position_Title
Position_Title
Position_Title
Position_Title
Position_Title
Position_Title
Position_Title
Position_Title
Position/Title
Position/Title
Position/Title
Position/Title
Position/Title
Position/Title
Position/Title
Position/Title
Position/Title
Position/Title
Position/Title
Position/Title
Position/Title
Position/Title
Position/Title
Position/Title
Position/Title
Position/Title
Position/Title
Position/Title
Position/Title
Position/Title
Position/Title
Position/Title
Position/Title
Position/Title
Position/Title
Position/Title
Position/Title
Position/Title
Position/Title
Position_title
Position_title
Program_Expenses
Project_Management_&_Other
Public_Works_Contracts
Recipient
Recipient
Regular_Travel_Expense
Reimbursed_Expenses
Reimbursed_Travel
Reimbursed_Travel
Reimbursed_Travel
Reimbursement
Remuneration
Remuneration
Remuneration
Remuneration
Remuneration
Remuneration
Remuneration
Remuneration
Remuneration
Remuneration
Remuneration
Remuneration
Remuneration
Remuneration
Remuneration
Remuneration
Remuneration
Remuneration
Remuneration
Remuneration
Remuneration
Remuneration
Remuneration
Remuneration
Remuneration
Remuneration
Remuneration
Remuneration
Remuneration
Remuneration
Remuneration
Remuneration
Remuneration
Remuneration
Remuneration
Remuneration
Remuneration
Remuneration
Remuneration
Remuneration
Remuneration
Remuneration
Remuneration
Remuneration
Remuneration
Remuneration
Remuneration
Remuneration
Remuneration
Remuneration
Remuneration
Remuneration
Remuneration
Remuneration
Remuneration
Remuneration
Remuneration
Remuneration
Remuneration
Remuneration
Remuneration
Remuneration
Remuneration
Remuneration
Remuneration
Remuneration
Remuneration
Remuneration
Remuneration
Remuneration
Remuneration
Remuneration
Remuneration
Remuneration
Remuneration
Remuneration
Remuneration
Remuneration
Remuneration
Remuneration
Remuneration
Remuneration
Remuneration
Remuneration
Remuneration
Remuneration
Remuneration
Remuneration
Remuneration
Remuneration
Remuneration
Remuneration
Remuneration
Remuneration
Remuneration
Remuneration
Remuneration
Remuneration
Remuneration
Remuneration
Remuneration
Remuneration
Remuneration
Remuneration
Remuneration
Remuneration
Remuneration
Remuneration
Remuneration
Remuneration
Remuneration
Remuneration
Remuneration
Remuneration
Remuneration
Remuneration
Remuneration
Remuneration
Remuneration
Remuneration
Remuneration
Remuneration
Remuneration
Remuneration
Remuneration
Remuneration
Remuneration
Remuneration
Remuneration
Remuneration
Remuneration
Remuneration
Remuneration
Remuneration
Remuneration
Remuneration
Remuneration
Remuneration
Remuneration
Remuneration
Remuneration
Remuneration
Remuneration
Remuneration
Remuneration
Remuneration
Remuneration
Remuneration
Remuneration
Remuneration
Remuneration
Remuneration
Remuneration
Remuneration
Remuneration
Remuneration
Remuneration
Remuneration
Remuneration
Remuneration
Remuneration
Remuneration
Remuneration
Remuneration
Remuneration
Remuneration
Remuneration
Remuneration
Remuneration
Remuneration
Remuneration
Remuneration
Remuneration
Remuneration
Remuneration
Remuneration
Remuneration
Remuneration
Remuneration
Remuneration
Remuneration
Remuneration
Remuneration
Remuneration
Remuneration
Remuneration
Remuneration
Remuneration
Remuneration
Remuneration
Remuneration
Remuneration
Remuneration
Remuneration
Remuneration
Remuneration
Remuneration
Remuneration
Remuneration
Remuneration
Remuneration
Remuneration
Remuneration
Remuneration
Remuneration
Remuneration
Remuneration
Remuneration
Remuneration
Remuneration
Remuneration
Remuneration
Remuneration
Remuneration
Remuneration
Remuneration
Remuneration
Remuneration
Remuneration
Remuneration
Remuneration
Remuneration
Remuneration
Remuneration
Remuneration
Remuneration
Remuneration
Remuneration
Remuneration
Remuneration
Remuneration
Remuneration
Remuneration
Remuneration
Remuneration
Remuneration
Remuneration
Remuneration
Remuneration
Remuneration
Remuneration
Remuneration
Remuneration
Remuneration
Remuneration
Remuneration
Remuneration
Remuneration
Remuneration
Remuneration
Remuneration
Remuneration
Remuneration
Remuneration
Remuneration
Remuneration
Remuneration
Remuneration
Remuneration
Remuneration
Remuneration
Remuneration
Remuneration
Remuneration
Remuneration
Remuneration
Remuneration
Remuneration
Remuneration
Remuneration
Remuneration
Remuneration
Remuneration
Remuneration
Remuneration
Remuneration
Remuneration
Remuneration
Remuneration
Remuneration
Remuneration
Remuneration
Rémunération
Remuneration_(Band)
Remuneration_(Chipewyan_Prarie_First_Nation)
Remuneration_(Chipewyan_Prarie_First_Nation_Group_of_Companies)
Remuneration_(Federal_Government_Funds)
Remuneration_Honorarium
Remuneration_NA
Remuneration_NA
Remuneration_NA
Remuneration_NA
Remuneration_NA
Remuneration_NA
Remuneration_NA
Remuneration_NA
Remuneration_NA
Remuneration_NA
Remuneration_NA
Remuneration_NA
Remuneration_NA
Remuneration_NA
Remuneration_NA
Remuneration_NA
Remuneration_NA
Remuneration_NA
Remuneration_NA
Remuneration_NA
Remuneration_NA
Remuneration_NA
Remuneration_NA
Remuneration_Other
Remuneration_(Other)
Remuneration_(Own_Source_Revenue)
Rémunérations
Remuneration_(Woodland_Cree_First_Nation)
Remuneration_(Woodland_Cree_First_Nation_Group_of_Companies)
Rent
Retirement
Retirement_Allowances_Paid_out
Royalties_&_Grants
Salaire
Salaires
Salaires
Salaires
Salaires
Salaires_de_base
Salaires_et_Honoraires
Salaires_et_honoraires
Salaires_et_honoraires
Salaires_et_honoraires
Salaires_et_honoraires
Salaires_ou_honoraires
Salaires_ou_honoraires
Salaries
Salaries
Salaries
Salaries
Salaries
Salaries
Salaries
Salaries_and_Benefits
Salaries_and_Benefits
Salaries_and_Contracts
Salaries_and_Honoraria
Salaries_and_Honoraria
Salaries_and_Honoraria
Salaries_and_honoraria
Salaries_and_honoraria
Salaries_and_honoraries
Salaries_and_honoraries_as_council_members
Salaries_and_Wages
Salaries/Fees
Salaries_Honoraria
Salaries_&_Honoraria
Salaries/Honoraria
Salaries_(Own_Source)
Salary
Salary
Salary
Salary
Salary
Salary
Salary
Salary
Salary
Salary
Salary
Salary
Salary
Salary
Salary
Salary
Salary
Salary
Salary
Salary
Salary
Salary
Salary
Salary
Salary
Salary
Salary
Salary
Salary
Salary
Salary
Salary
Salary
Salary
Salary
Salary
Salary
Salary
Salary
Salary
Salary
Salary
Salary
Salary
Salary
Salary
Salary
Salary
Salary
Salary
Salary
Salary
Salary
Salary
Salary
Salary
Salary
Salary
Salary
Salary
Salary
Salary
Salary
Salary
Salary
Salary
Salary
Salary
Salary
Salary
Salary
Salary
Salary
Salary
Salary
Salary
Salary
Salary
Salary
Salary
Salary
Salary
Salary
Salary
Salary
Salary
Salary
Salary
Salary
Salary
Salary
Salary
Salary
Salary
Salary
Salary
Salary
Salary
Salary_and_Benefits
Salary_and_Benefits
Salary_and_Benefits
Salary_and_Honoraria
Salary_and_Honoraria
Salary_and_Honoraria
Salary_and_Honoraria
Salary_and_Honoraria
Salary_and_Honoraria
Salary_and_Honoraria
Salary_and_Honoraria
Salary_and_Honoraria
Salary_and_Honoraria
Salary_and_Honoraria
Salary_and_Honoraria
Salary_and_Honoraria
Salary_and_Honoraria
Salary_and_Honoraria
Salary_and_Honoraria
Salary_and_Honoraria
Salary_and_Honoraria
Salary_and_Honoraria
Salary_and_Honoraria
Salary_and_Honoraria
Salary_and_Honoraria
Salary_and_Honoraria
Salary_and_Honoraria
Salary_and_Honoraria
Salary_and_Honoraria
Salary_and_Honoraria
Salary_and_Honoraria
Salary_and_Honoraria
Salary_and_Honoraria
Salary_and_Honoraria
Salary_and_Honoraria
Salary_and_Honoraria
Salary_and_Honoraria
Salary_and_Honoraria
Salary_and_Honoraria
Salary_and_Honoraria
Salary_and_honoraria
Salary_and_honoraria
Salary_and_honoraria
Salary_and_honoraria
Salary_and_Honorarium
Salary_and_Honorarium
Salary/Council_Component
Salary_Elected_Position
Salary_Employed_Position
Salary_Expense
Salary_Honoraria
Salary_&_Honoraria
Salary_&_Honoraria
Salary_&_Honoraria
Salary_&_Honoraria
Salary_&_Honoraria
Salary_&_Honoraria
Salary_&_Honoraria
Salary/Honoraria
Salary/Honoraria
Salary/Honoraria
Salary/Honoraria
Salary/Honoraria
Salary/Honoraria
Salary/Honoraria
Salary/Honoraria
Salary/Honoraria
Salary/Honoraria
Salary/Honoraria
Salary_&_Honorariums
Sales
Self_Government_Travel_Expense
Seniority_Award
Severance_Calculation_Accruing
Severance_pay_or_bonus
SFNS
Social_Development_Salary
Special_Meetings
Staff_Travel_&_Other
Statut
Statut
Stipend_and_Salary
Taxable_Earnings/honoraria
Telephone
Telephone_Allowance
Term
Term
Term
Term
Term
Term
Term
Term_(in_months)
Term_(in_months)
Term_(Months)
Term_(Months)
Term_(Months)
Time_in_Office_during_2013-2014_fiscal_year
Title
Title
Title
Title
Title
Title
Title
Title
Title
Title
Title
Title
Title_NA
Title_NA
Title_NA
Title_NA
Title_NA
Title_NA
Title_NA
Title_NA
Title_NA
Title_NA
Title_NA
Title_NA
Title_NA
Title_NA
Title_NA
Title_NA
Title_NA
Title_NA
Title_NA
Title_NA
Title_NA
Title_NA
Title_NA
Title_NA
Title_NA
Title_NA
Title_NA
Title_NA
Title_NA
Title_NA
Title_NA
Title_NA
Title_NA
Title_NA
Title_NA
Title_NA
Title_NA
Title_NA
Title_NA
Title_NA
Title_NA
Title_NA
Title_NA
Title_NA
Title_NA
Title_NA
Title_NA
Title_NA
Title_NA
Title_NA
Title_NA
Title_NA
Title_NA
Title_NA
Title_NA
Title_NA
Title_NA
Title_NA
Title_NA
Title_NA
Title_NA
Title_NA
Title_NA
Title_NA
Title_NA
Title_NA
Title_NA
Title_NA
Title_NA
Title_NA
Title_NA
Title_NA
Title_NA
Title_NA
Title_NA
Title_NA
Title_NA
Title_NA
Title_NA
Title_NA
Title_NA
Title_NA
Title_NA
Title_NA
Title_NA
Title_NA
Title_NA
Title_NA
Title_NA
Title_NA
Title_NA
Title_NA
Title_NA
Title_NA
Title_NA
Title_NA
Title_NA
Title_NA
Title_NA
Title_NA
Title_NA
Title_NA
Title_NA
Title_NA
Title_NA
Title_NA
Title_NA
Title_NA
Title_NA
Title_NA
Title_NA
Title_NA
Title_NA
Title_NA
Title_NA
Title_NA
Title_NA
Title_NA
Title_NA
Title_NA
Title_NA
Title_NA
Title_NA
Title_NA
Title_NA
Title_NA
Title_NA
Title_NA
Title_NA
Title_NA
Title_NA
Title_NA
Title_NA
Title_NA
Title_NA
Title_NA
Title_NA
Title_NA
Title_NA
Title_NA
Title_NA
Title_NA
Title_NA
Title/Position
Titre
Titre
Titre
Titre
Titre_du_poste
Titre_du_poste
Titre_du_poste
Titre_du_poste
Titre_du_poste
Titre_du_poste
Total
Total_Expenses
Total_honorarium
Total_Remuneration_Sturgeon_Lake_Cree_Nation
Total_Travel
Total_Travel_Expenses
Travel
Travel
Travel
Travel
Travel
Travel
Travel
Travel
Travel
Travel
Travel
Travel
Travel
Travel
Travel
Travel
Travel
Travel
Travel
Travel
Travel
Travel
Travel
Travel
Travel
Travel
Travel
Travel
Travel
Travel
Travel
Travel
Travel
Travel
Travel
Travel
Travel
Travel
Travel
Travel
Travel
Travel
Travel
Travel
Travel
Travel
Travel
Travel
Travel
Travel
Travel
Travel
Travel
Travel
Travel
Travel
Travel
Travel
Travel
Travel
Travel
Travel
Travel
Travel
Travel
Travel
Travel
Travel
Travel
Travel
Travel
Travel
Travel
Travel
Travel
Travel
Travel
Travel
Travel
Travel
Travel
Travel
Travel
Travel_Allowance
Travel_and_Expenses
Travel_and_Other
Travel_and_other
Travel_and_other
Travel_and_other
Travel_and_other_expenses
Travel_(Chipewyan_Prarie_First_Nation)
Travel_(Chipewyan_Prarie_First_Nation_Group_of_Companies)
Travel_Expense
Travel_Expense
Travel_Expense
Travel_Expense
Travel_Expense
Travel_Expense
Travel_expense
Travel_expense
Travel_expense
Travel/Expense_Allowances
Travel_Expenses
Travel_Expenses
Travel_Expenses
Travel_Expenses
Travel_Expenses
Travel_Expenses
Travel_Expenses
Travel_Expenses
Travel_Expenses
Travel_Expenses
Travel_Expenses
Travel_Expenses
Travel_Expenses
Travel_Expenses
Travel_Expenses
Travel_Expenses
Travel_Expenses
Travel_Expenses
Travel_Expenses
Travel_Expenses
Travel_Expenses
Travel_Expenses
Travel_Expenses
Travel_Expenses
Travel_Expenses
Travel_Expenses
Travel_Expenses
Travel_Expenses
Travel_Expenses
Travel_Expenses
Travel_Expenses
Travel_Expenses
Travel_Expenses
Travel_Expenses
Travel_Expenses
Travel_Expenses
Travel_Expenses
Travel_Expenses
Travel_Expenses
Travel_Expenses
Travel_Expenses
Travel_Expenses
Travel_Expenses
Travel_Expenses
Travel_Expenses
Travel_Expenses
Travel_Expenses
Travel_Expenses
Travel_Expenses
Travel_Expenses
Travel_Expenses
Travel_Expenses
Travel_Expenses
Travel_Expenses
Travel_Expenses
Travel_Expenses
Travel_Expenses
Travel_Expenses
Travel_Expenses
Travel_Expenses
Travel_Expenses
Travel_Expenses
Travel_Expenses
Travel_Expenses
Travel_Expenses
Travel_Expenses
Travel_Expenses
Travel_Expenses
Travel_Expenses
Travel_Expenses
Travel_Expenses
Travel_Expenses
Travel_Expenses
Travel_Expenses
Travel_Expenses
Travel_Expenses
Travel_Expenses
Travel_Expenses
Travel_Expenses
Travel_Expenses
Travel_Expenses
Travel_Expenses
Travel_Expenses
Travel_Expenses
Travel_Expenses
Travel_Expenses
Travel_expenses
Travel_expenses
Travel_expenses
Travel_expenses
Travel_expenses
Travel_expenses
Travel_expenses
Travel_expenses
Travel_expenses
Travel_expenses
Travel_expenses
Travel_expenses
Travel_expenses
Travel_expenses
Travel_expenses
Travel_expenses
Travel_expenses
Travel/Expenses_(Band)
Travel/Expenses_(Other)
Travel_Expenses_(Own_Source)
Travel_Meeting_Expense
Travel_&_Meetings
Travel_&_Meetings
Travel_&_Meetings
Travel/Meetings
Travel/Meetings
Travel__Meetings_&_Other_Expenses
Travel_Mileage
Travel_&_Other
Travel_&_Other
Travel/Other
Travel__Pension_and_Other_Remuneration
Travel_Reimbursements
Trillium_War_1812
Variable_ou_Service
Variable_ou_service
Wages
Wages
Wages
Wages
Wages
Wages
Wages
Wages
Wages
Wages
Wages
Wages
Wages
Wages_and_salary
Wages_&_Honoraria
Wages_&_Honoraria
Weeks
Work_Travel
