Business_Entities_Expenses
Cree_Land_Mini-Mart_Limited_Partnership_Expense
Expenses
Expenses_(Federal_Government_Funds)
Expenses_in_Other_Remuneration
Expenses/Mileage_and_Accomodation
Expenses_NA
Expenses_(Own_Source_Revenue)
Expenses_Reimbursed
Expenses_Reimbursed_as_part_of_Other_Remuneration
Expenses_Reimbursed_as_part_of_other_Remuneration
Expenses_Reimbursed_as_part_of_Other_Remuneration_Travel
Expenses_Reimbursed_as_part_of_other_Remuneration_TRAVEL
Expenses_Reimbursed_as_part_of_Training_Remuneration
Expenses_(Woodland_Cree_First_Nation)
Expenses_(Woodland_Cree_First_Nation_Group_of_Companies)
First_Nation_Expenses
Honoraria_Expenses
Meetings_&_Travel_Expense
Mileage_Expense
Net_travel_expenses
Piapot_First_Nation_Expense
Program_Expenses
Regular_Travel_Expense
Reimbursed_Expenses
Salary_Expense
Self_Government_Travel_Expense
Total_Expenses
Total_Travel_Expenses
Travel_and_Expenses
Travel_and_other_expenses
Travel_Expense
Travel_expense
Travel/Expense_Allowances
Travel_Expenses
Travel_expenses
Travel/Expenses_(Band)
Travel/Expenses_(Other)
Travel_Expenses_(Own_Source)
Travel_Meeting_Expense
Travel__Meetings_&_Other_Expenses
