Autres_rémunérations
Business_Entities_Remuneration
Chief_and_Councillor_Remuneration
First_Nation_Remuneration
Government_Remuneration
Non-Government_Remuneration
Other_Remuneration
Other_remuneration
Other_Remuneration/Benefits
Other_Remuneration_Honorariums
Other_Remuneration_Non_Monetary_Benefits
Other_Remuneration_Non_Monetary_Pension
Other_Remuneration_(Own_Source)
Other_Remunerations
Other_Remuneration_TRAINING
Other_Remuneration_Training
Other_Remuneration_TRAVEL
Other_Remuneration_Travel
Other_Remuneration_VISA
Other_Renumeration
Remuneration
Rémunération
Remuneration_(Band)
Remuneration_(Chipewyan_Prarie_First_Nation)
Remuneration_(Chipewyan_Prarie_First_Nation_Group_of_Companies)
Remuneration_(Federal_Government_Funds)
Remuneration_Honorarium
Remuneration_NA
Remuneration_Other
Remuneration_(Other)
Remuneration_(Own_Source_Revenue)
Rémunérations
Remuneration_(Woodland_Cree_First_Nation)
Remuneration_(Woodland_Cree_First_Nation_Group_of_Companies)
Total_Remuneration_Sturgeon_Lake_Cree_Nation
Travel__Pension_and_Other_Remuneration
