Actual_Salary
Annual_Salary
Band_Salary
Base_Salary
Economic_Development_Salary
Employment_Salary
Honoraires_salaires
Honoraria_and_Salaries
Honoraria/Salary
Salaire
Salaires
Salaires_de_base
Salaires_et_Honoraires
Salaires_et_honoraires
Salaires_ou_honoraires
Salaries
Salaries_and_Benefits
Salaries_and_Contracts
Salaries_and_Honoraria
Salaries_and_honoraria
Salaries_and_honoraries
Salaries_and_honoraries_as_council_members
Salaries_and_Wages
Salaries/Fees
Salaries_Honoraria
Salaries_&_Honoraria
Salaries/Honoraria
Salaries_(Own_Source)
Salary
Salary_and_Benefits
Salary_and_Honoraria
Salary_and_honoraria
Salary_and_Honorarium
Salary/Council_Component
Salary_Honoraria
Salary_&_Honoraria
Salary/Honoraria
Salary_&_Honorariums
Social_Development_Salary
Stipend_and_Salary
Wages_and_salary
