Board_Travel_&_Honoraria
Business_Entity_Travel
Chief_and_Council_Travel_&_Per_Diem
Chief_&_Council_Travel
Council_Travel
Honoraruim/Travel
Meetings_and_Travel
Meetings_&_Travel
Other_Travel
Owned_Entity_Travel/Meetings
Per_Diems_and_Travel
Reimbursed_Travel
Staff_Travel_&_Other
Total_Travel
Travel
Travel_Allowance
Travel_and_Other
Travel_and_other
Travel_(Chipewyan_Prarie_First_Nation)
Travel_(Chipewyan_Prarie_First_Nation_Group_of_Companies)
Travel_&_Meetings
Travel/Meetings
Travel_Mileage
Travel_&_Other
Travel/Other
Travel_Reimbursements
Work_Travel
